{"C:\\Users\\Administrator\\Documents\\George\\vehiclerentalservice\\apps\\api\\src\\app.controller.ts": {"path":"C:\\Users\\Administrator\\Documents\\George\\vehiclerentalservice\\apps\\api\\src\\app.controller.ts","statementMap":{"0":{"start":{"line":1,"column":0},"end":{"line":1,"column":49}},"1":{"start":{"line":2,"column":0},"end":{"line":2,"column":43}},"2":{"start":{"line":5,"column":7},"end":{"line":12,"column":null}},"3":{"start":{"line":6,"column":31},"end":{"line":6,"column":43}},"4":{"start":{"line":10,"column":4},"end":{"line":10,"column":38}},"5":{"start":{"line":5,"column":13},"end":{"line":5,"column":26}},"6":{"start":{"line":9,"column":2},"end":{"line":11,"column":null}},"7":{"start":{"line":5,"column":13},"end":{"line":12,"column":null}}},"fnMap":{"0":{"name":"(anonymous_2)","decl":{"start":{"line":6,"column":2},"end":{"line":6,"column":31}},"loc":{"start":{"line":6,"column":53},"end":{"line":6,"column":57}}},"1":{"name":"(anonymous_3)","decl":{"start":{"line":9,"column":2},"end":{"line":9,"column":10}},"loc":{"start":{"line":9,"column":10},"end":{"line":11,"column":3}}}},"branchMap":{"0":{"loc":{"start":{"line":6,"column":43},"end":{"line":6,"column":56}},"type":"cond-expr","locations":[{"start":{"line":6,"column":53},"end":{"line":6,"column":56}},{"start":{"line":6,"column":53},"end":{"line":6,"column":56}}]},"1":{"loc":{"start":{"line":6,"column":43},"end":{"line":6,"column":53}},"type":"binary-expr","locations":[{"start":{"line":6,"column":43},"end":{"line":6,"column":56}},{"start":{"line":6,"column":43},"end":{"line":6,"column":53}}]}},"s":{"0":0,"1":0,"2":0,"3":0,"4":0,"5":0,"6":0,"7":0},"f":{"0":0,"1":0},"b":{"0":[0,0],"1":[0,0]}}
,"C:\\Users\\Administrator\\Documents\\George\\vehiclerentalservice\\apps\\api\\src\\app.service.ts": {"path":"C:\\Users\\Administrator\\Documents\\George\\vehiclerentalservice\\apps\\api\\src\\app.service.ts","statementMap":{"0":{"start":{"line":1,"column":0},"end":{"line":1,"column":44}},"1":{"start":{"line":4,"column":7},"end":{"line":8,"column":null}},"2":{"start":{"line":6,"column":4},"end":{"line":6,"column":63}},"3":{"start":{"line":4,"column":13},"end":{"line":4,"column":23}},"4":{"start":{"line":4,"column":13},"end":{"line":8,"column":null}}},"fnMap":{"0":{"name":"(anonymous_1)","decl":{"start":{"line":5,"column":2},"end":{"line":5,"column":10}},"loc":{"start":{"line":5,"column":10},"end":{"line":7,"column":3}}}},"branchMap":{},"s":{"0":0,"1":0,"2":0,"3":0,"4":0},"f":{"0":0},"b":{}}
,"C:\\Users\\Administrator\\Documents\\George\\vehiclerentalservice\\apps\\api\\src\\auth\\auth.controller.ts": {"path":"C:\\Users\\Administrator\\Documents\\George\\vehiclerentalservice\\apps\\api\\src\\auth\\auth.controller.ts","statementMap":{"0":{"start":{"line":1,"column":0},"end":{"line":1,"column":99}},"1":{"start":{"line":2,"column":0},"end":{"line":2,"column":45}},"2":{"start":{"line":3,"column":0},"end":{"line":3,"column":54}},"3":{"start":{"line":4,"column":0},"end":{"line":4,"column":52}},"4":{"start":{"line":5,"column":0},"end":{"line":5,"column":58}},"5":{"start":{"line":6,"column":0},"end":{"line":6,"column":55}},"6":{"start":{"line":7,"column":0},"end":{"line":7,"column":66}},"7":{"start":{"line":10,"column":7},"end":{"line":42,"column":null}},"8":{"start":{"line":11,"column":31},"end":{"line":11,"column":44}},"9":{"start":{"line":16,"column":4},"end":{"line":16,"column":50}},"10":{"start":{"line":22,"column":4},"end":{"line":22,"column":59}},"11":{"start":{"line":28,"column":4},"end":{"line":28,"column":59}},"12":{"start":{"line":34,"column":4},"end":{"line":34,"column":53}},"13":{"start":{"line":40,"column":4},"end":{"line":40,"column":58}},"14":{"start":{"line":10,"column":13},"end":{"line":10,"column":27}},"15":{"start":{"line":15,"column":8},"end":{"line":17,"column":null}},"16":{"start":{"line":21,"column":8},"end":{"line":23,"column":null}},"17":{"start":{"line":27,"column":8},"end":{"line":29,"column":null}},"18":{"start":{"line":33,"column":8},"end":{"line":35,"column":null}},"19":{"start":{"line":39,"column":8},"end":{"line":41,"column":null}},"20":{"start":{"line":10,"column":13},"end":{"line":42,"column":null}}},"fnMap":{"0":{"name":"(anonymous_4)","decl":{"start":{"line":11,"column":2},"end":{"line":11,"column":31}},"loc":{"start":{"line":11,"column":55},"end":{"line":11,"column":59}}},"1":{"name":"(anonymous_5)","decl":{"start":{"line":15,"column":2},"end":{"line":15,"column":7}},"loc":{"start":{"line":15,"column":45},"end":{"line":17,"column":3}}},"2":{"name":"(anonymous_6)","decl":{"start":{"line":21,"column":2},"end":{"line":21,"column":7}},"loc":{"start":{"line":21,"column":43},"end":{"line":23,"column":3}}},"3":{"name":"(anonymous_7)","decl":{"start":{"line":27,"column":2},"end":{"line":27,"column":7}},"loc":{"start":{"line":27,"column":44},"end":{"line":29,"column":3}}},"4":{"name":"(anonymous_8)","decl":{"start":{"line":33,"column":2},"end":{"line":33,"column":7}},"loc":{"start":{"line":33,"column":47},"end":{"line":35,"column":3}}},"5":{"name":"(anonymous_9)","decl":{"start":{"line":39,"column":2},"end":{"line":39,"column":7}},"loc":{"start":{"line":39,"column":95},"end":{"line":41,"column":3}}}},"branchMap":{"0":{"loc":{"start":{"line":15,"column":32},"end":{"line":15,"column":null}},"type":"cond-expr","locations":[{"start":{"line":15,"column":45},"end":{"line":15,"column":null}},{"start":{"line":15,"column":45},"end":{"line":15,"column":null}}]},"1":{"loc":{"start":{"line":15,"column":32},"end":{"line":15,"column":45}},"type":"binary-expr","locations":[{"start":{"line":15,"column":32},"end":{"line":15,"column":null}},{"start":{"line":15,"column":32},"end":{"line":15,"column":45}}]},"2":{"loc":{"start":{"line":21,"column":31},"end":{"line":21,"column":null}},"type":"cond-expr","locations":[{"start":{"line":21,"column":43},"end":{"line":21,"column":null}},{"start":{"line":21,"column":43},"end":{"line":21,"column":null}}]},"3":{"loc":{"start":{"line":21,"column":31},"end":{"line":21,"column":43}},"type":"binary-expr","locations":[{"start":{"line":21,"column":31},"end":{"line":21,"column":null}},{"start":{"line":21,"column":31},"end":{"line":21,"column":43}}]},"4":{"loc":{"start":{"line":27,"column":29},"end":{"line":27,"column":null}},"type":"cond-expr","locations":[{"start":{"line":27,"column":44},"end":{"line":27,"column":null}},{"start":{"line":27,"column":44},"end":{"line":27,"column":null}}]},"5":{"loc":{"start":{"line":27,"column":29},"end":{"line":27,"column":44}},"type":"binary-expr","locations":[{"start":{"line":27,"column":29},"end":{"line":27,"column":null}},{"start":{"line":27,"column":29},"end":{"line":27,"column":44}}]},"6":{"loc":{"start":{"line":11,"column":44},"end":{"line":11,"column":58}},"type":"cond-expr","locations":[{"start":{"line":11,"column":55},"end":{"line":11,"column":58}},{"start":{"line":11,"column":55},"end":{"line":11,"column":58}}]},"7":{"loc":{"start":{"line":11,"column":44},"end":{"line":11,"column":55}},"type":"binary-expr","locations":[{"start":{"line":11,"column":44},"end":{"line":11,"column":58}},{"start":{"line":11,"column":44},"end":{"line":11,"column":55}}]}},"s":{"0":0,"1":0,"2":0,"3":0,"4":0,"5":0,"6":0,"7":0,"8":0,"9":0,"10":0,"11":0,"12":0,"13":0,"14":0,"15":0,"16":0,"17":0,"18":0,"19":0,"20":0},"f":{"0":0,"1":0,"2":0,"3":0,"4":0,"5":0},"b":{"0":[0,0],"1":[0,0],"2":[0,0],"3":[0,0],"4":[0,0],"5":[0,0],"6":[0,0],"7":[0,0]}}
,"C:\\Users\\Administrator\\Documents\\George\\vehiclerentalservice\\apps\\api\\src\\auth\\auth.service.ts": {"path":"C:\\Users\\Administrator\\Documents\\George\\vehiclerentalservice\\apps\\api\\src\\auth\\auth.service.ts","statementMap":{"0":{"start":{"line":1,"column":0},"end":{"line":1,"column":94}},"1":{"start":{"line":2,"column":0},"end":{"line":2,"column":41}},"2":{"start":{"line":3,"column":0},"end":{"line":3,"column":47}},"3":{"start":{"line":4,"column":0},"end":{"line":4,"column":59}},"4":{"start":{"line":8,"column":24},"end":{"line":209,"column":null}},"5":{"start":{"line":9,"column":28},"end":{"line":9,"column":56}},"6":{"start":{"line":12,"column":21},"end":{"line":12,"column":29}},"7":{"start":{"line":13,"column":21},"end":{"line":13,"column":33}},"8":{"start":{"line":14,"column":21},"end":{"line":14,"column":36}},"9":{"start":{"line":19,"column":28},"end":{"line":19,"column":54}},"10":{"start":{"line":22,"column":20},"end":{"line":22,"column":38}},"11":{"start":{"line":25,"column":15},"end":{"line":27,"column":6}},"12":{"start":{"line":29,"column":4},"end":{"line":41,"column":5}},"13":{"start":{"line":30,"column":6},"end":{"line":35,"column":9}},"14":{"start":{"line":38,"column":6},"end":{"line":40,"column":9}},"15":{"start":{"line":44,"column":22},"end":{"line":44,"column":58}},"16":{"start":{"line":45,"column":4},"end":{"line":51,"column":7}},"17":{"start":{"line":54,"column":4},"end":{"line":54,"column":62}},"18":{"start":{"line":56,"column":4},"end":{"line":59,"column":6}},"19":{"start":{"line":63,"column":28},"end":{"line":63,"column":54}},"20":{"start":{"line":66,"column":17},"end":{"line":72,"column":6}},"21":{"start":{"line":74,"column":4},"end":{"line":76,"column":5}},"22":{"start":{"line":75,"column":6},"end":{"line":75,"column":56}},"23":{"start":{"line":80,"column":4},"end":{"line":82,"column":5}},"24":{"start":{"line":81,"column":6},"end":{"line":81,"column":60}},"25":{"start":{"line":85,"column":22},"end":{"line":91,"column":6}},"26":{"start":{"line":93,"column":4},"end":{"line":99,"column":5}},"27":{"start":{"line":95,"column":6},"end":{"line":98,"column":9}},"28":{"start":{"line":102,"column":19},"end":{"line":102,"column":70}},"29":{"start":{"line":104,"column":4},"end":{"line":115,"column":6}},"30":{"start":{"line":119,"column":4},"end":{"line":135,"column":5}},"31":{"start":{"line":120,"column":22},"end":{"line":122,"column":8}},"32":{"start":{"line":124,"column":19},"end":{"line":126,"column":8}},"33":{"start":{"line":128,"column":6},"end":{"line":130,"column":7}},"34":{"start":{"line":129,"column":8},"end":{"line":129,"column":65}},"35":{"start":{"line":132,"column":6},"end":{"line":132,"column":65}},"36":{"start":{"line":134,"column":6},"end":{"line":134,"column":63}},"37":{"start":{"line":139,"column":17},"end":{"line":150,"column":6}},"38":{"start":{"line":152,"column":4},"end":{"line":154,"column":5}},"39":{"start":{"line":153,"column":6},"end":{"line":153,"column":56}},"40":{"start":{"line":156,"column":4},"end":{"line":156,"column":16}},"41":{"start":{"line":160,"column":28},"end":{"line":160,"column":30}},"42":{"start":{"line":162,"column":4},"end":{"line":164,"column":5}},"43":{"start":{"line":163,"column":6},"end":{"line":163,"column":41}},"44":{"start":{"line":166,"column":4},"end":{"line":168,"column":5}},"45":{"start":{"line":167,"column":6},"end":{"line":167,"column":43}},"46":{"start":{"line":170,"column":17},"end":{"line":177,"column":6}},"47":{"start":{"line":179,"column":4},"end":{"line":179,"column":16}},"48":{"start":{"line":184,"column":19},"end":{"line":184,"column":43}},"49":{"start":{"line":187,"column":4},"end":{"line":189,"column":5}},"50":{"start":{"line":188,"column":6},"end":{"line":188,"column":38}},"51":{"start":{"line":191,"column":4},"end":{"line":191,"column":24}},"52":{"start":{"line":195,"column":4},"end":{"line":195,"column":66}},"53":{"start":{"line":199,"column":20},"end":{"line":199,"column":48}},"54":{"start":{"line":201,"column":24},"end":{"line":201,"column":53}},"55":{"start":{"line":202,"column":25},"end":{"line":205,"column":6}},"56":{"start":{"line":207,"column":4},"end":{"line":207,"column":41}},"57":{"start":{"line":8,"column":13},"end":{"line":8,"column":24}},"58":{"start":{"line":8,"column":13},"end":{"line":209,"column":null}}},"fnMap":{"0":{"name":"(anonymous_2)","decl":{"start":{"line":11,"column":2},"end":{"line":11,"column":null}},"loc":{"start":{"line":14,"column":49},"end":{"line":15,"column":6}}},"1":{"name":"(anonymous_3)","decl":{"start":{"line":17,"column":2},"end":{"line":17,"column":7}},"loc":{"start":{"line":17,"column":32},"end":{"line":60,"column":3}}},"2":{"name":"(anonymous_4)","decl":{"start":{"line":62,"column":2},"end":{"line":62,"column":7}},"loc":{"start":{"line":62,"column":45},"end":{"line":116,"column":3}}},"3":{"name":"(anonymous_5)","decl":{"start":{"line":118,"column":2},"end":{"line":118,"column":7}},"loc":{"start":{"line":118,"column":41},"end":{"line":136,"column":3}}},"4":{"name":"(anonymous_6)","decl":{"start":{"line":138,"column":2},"end":{"line":138,"column":7}},"loc":{"start":{"line":138,"column":37},"end":{"line":157,"column":3}}},"5":{"name":"(anonymous_7)","decl":{"start":{"line":159,"column":2},"end":{"line":159,"column":7}},"loc":{"start":{"line":159,"column":77},"end":{"line":180,"column":3}}},"6":{"name":"(anonymous_8)","decl":{"start":{"line":182,"column":10},"end":{"line":182,"column":24}},"loc":{"start":{"line":182,"column":38},"end":{"line":192,"column":3}}},"7":{"name":"(anonymous_9)","decl":{"start":{"line":194,"column":10},"end":{"line":194,"column":21}},"loc":{"start":{"line":194,"column":21},"end":{"line":196,"column":3}}},"8":{"name":"(anonymous_10)","decl":{"start":{"line":198,"column":10},"end":{"line":198,"column":24}},"loc":{"start":{"line":198,"column":68},"end":{"line":208,"column":3}}}},"branchMap":{"0":{"loc":{"start":{"line":29,"column":4},"end":{"line":41,"column":5}},"type":"if","locations":[{"start":{"line":29,"column":4},"end":{"line":41,"column":5}}]},"1":{"loc":{"start":{"line":74,"column":4},"end":{"line":76,"column":5}},"type":"if","locations":[{"start":{"line":74,"column":4},"end":{"line":76,"column":5}}]},"2":{"loc":{"start":{"line":80,"column":4},"end":{"line":82,"column":5}},"type":"if","locations":[{"start":{"line":80,"column":4},"end":{"line":82,"column":5}}]},"3":{"loc":{"start":{"line":80,"column":8},"end":{"line":80,"column":50}},"type":"binary-expr","locations":[{"start":{"line":80,"column":8},"end":{"line":80,"column":25}},{"start":{"line":80,"column":29},"end":{"line":80,"column":50}}]},"4":{"loc":{"start":{"line":93,"column":4},"end":{"line":99,"column":5}},"type":"if","locations":[{"start":{"line":93,"column":4},"end":{"line":99,"column":5}}]},"5":{"loc":{"start":{"line":112,"column":19},"end":{"line":112,"column":43}},"type":"binary-expr","locations":[{"start":{"line":112,"column":19},"end":{"line":112,"column":35}},{"start":{"line":112,"column":39},"end":{"line":112,"column":43}}]},"6":{"loc":{"start":{"line":113,"column":20},"end":{"line":113,"column":47}},"type":"binary-expr","locations":[{"start":{"line":113,"column":20},"end":{"line":113,"column":42}},{"start":{"line":113,"column":46},"end":{"line":113,"column":47}}]},"7":{"loc":{"start":{"line":128,"column":6},"end":{"line":130,"column":7}},"type":"if","locations":[{"start":{"line":128,"column":6},"end":{"line":130,"column":7}}]},"8":{"loc":{"start":{"line":128,"column":10},"end":{"line":128,"column":33}},"type":"binary-expr","locations":[{"start":{"line":128,"column":10},"end":{"line":128,"column":15}},{"start":{"line":128,"column":19},"end":{"line":128,"column":33}}]},"9":{"loc":{"start":{"line":152,"column":4},"end":{"line":154,"column":5}},"type":"if","locations":[{"start":{"line":152,"column":4},"end":{"line":154,"column":5}}]},"10":{"loc":{"start":{"line":162,"column":4},"end":{"line":164,"column":5}},"type":"if","locations":[{"start":{"line":162,"column":4},"end":{"line":164,"column":5}}]},"11":{"loc":{"start":{"line":162,"column":8},"end":{"line":162,"column":37}},"type":"binary-expr","locations":[{"start":{"line":162,"column":8},"end":{"line":162,"column":17}},{"start":{"line":162,"column":21},"end":{"line":162,"column":37}}]},"12":{"loc":{"start":{"line":166,"column":4},"end":{"line":168,"column":5}},"type":"if","locations":[{"start":{"line":166,"column":4},"end":{"line":168,"column":5}}]},"13":{"loc":{"start":{"line":166,"column":8},"end":{"line":166,"column":39}},"type":"binary-expr","locations":[{"start":{"line":166,"column":8},"end":{"line":166,"column":18}},{"start":{"line":166,"column":22},"end":{"line":166,"column":39}}]},"14":{"loc":{"start":{"line":187,"column":4},"end":{"line":189,"column":5}},"type":"if","locations":[{"start":{"line":187,"column":4},"end":{"line":189,"column":5}}]},"15":{"loc":{"start":{"line":204,"column":17},"end":{"line":204,"column":74}},"type":"binary-expr","locations":[{"start":{"line":204,"column":17},"end":{"line":204,"column":65}},{"start":{"line":204,"column":69},"end":{"line":204,"column":74}}]},"16":{"loc":{"start":{"line":12,"column":29},"end":{"line":12,"column":null}},"type":"cond-expr","locations":[{"start":{"line":12,"column":42},"end":{"line":12,"column":null}},{"start":{"line":12,"column":42},"end":{"line":12,"column":null}}]},"17":{"loc":{"start":{"line":12,"column":29},"end":{"line":12,"column":42}},"type":"binary-expr","locations":[{"start":{"line":12,"column":29},"end":{"line":12,"column":null}},{"start":{"line":12,"column":29},"end":{"line":12,"column":42}}]},"18":{"loc":{"start":{"line":12,"column":42},"end":{"line":13,"column":null}},"type":"cond-expr","locations":[{"start":{"line":13,"column":43},"end":{"line":13,"column":null}},{"start":{"line":13,"column":43},"end":{"line":13,"column":null}}]},"19":{"loc":{"start":{"line":12,"column":42},"end":{"line":13,"column":43}},"type":"binary-expr","locations":[{"start":{"line":12,"column":42},"end":{"line":13,"column":null}},{"start":{"line":13,"column":33},"end":{"line":13,"column":43}}]},"20":{"loc":{"start":{"line":13,"column":43},"end":{"line":14,"column":null}},"type":"cond-expr","locations":[{"start":{"line":14,"column":49},"end":{"line":14,"column":null}},{"start":{"line":14,"column":49},"end":{"line":14,"column":null}}]},"21":{"loc":{"start":{"line":13,"column":43},"end":{"line":14,"column":49}},"type":"binary-expr","locations":[{"start":{"line":13,"column":43},"end":{"line":14,"column":null}},{"start":{"line":14,"column":36},"end":{"line":14,"column":49}}]}},"s":{"0":1,"1":1,"2":1,"3":1,"4":1,"5":12,"6":12,"7":12,"8":12,"9":2,"10":2,"11":2,"12":2,"13":1,"14":1,"15":2,"16":2,"17":2,"18":2,"19":3,"20":3,"21":3,"22":1,"23":2,"24":1,"25":1,"26":1,"27":1,"28":1,"29":1,"30":2,"31":2,"32":1,"33":1,"34":0,"35":1,"36":1,"37":2,"38":2,"39":1,"40":1,"41":2,"42":2,"43":2,"44":2,"45":2,"46":2,"47":2,"48":5,"49":5,"50":0,"51":5,"52":2,"53":2,"54":2,"55":2,"56":2,"57":1,"58":1},"f":{"0":12,"1":2,"2":3,"3":2,"4":2,"5":2,"6":5,"7":2,"8":2},"b":{"0":[1],"1":[1],"2":[1],"3":[2,1],"4":[1],"5":[1,0],"6":[1,1],"7":[0],"8":[1,1],"9":[1],"10":[2],"11":[2,2],"12":[2],"13":[2,2],"14":[0],"15":[2,0],"16":[1,0],"17":[1,1],"18":[1,0],"19":[1,1],"20":[1,0],"21":[1,1]}}
,"C:\\Users\\Administrator\\Documents\\George\\vehiclerentalservice\\apps\\api\\src\\bookings\\bookings.controller.ts": {"path":"C:\\Users\\Administrator\\Documents\\George\\vehiclerentalservice\\apps\\api\\src\\bookings\\bookings.controller.ts","statementMap":{"0":{"start":{"line":1,"column":0},"end":{"line":1,"column":null}},"1":{"start":{"line":12,"column":0},"end":{"line":12,"column":53}},"2":{"start":{"line":13,"column":0},"end":{"line":13,"column":77}},"3":{"start":{"line":14,"column":0},"end":{"line":14,"column":61}},"4":{"start":{"line":15,"column":0},"end":{"line":15,"column":72}},"5":{"start":{"line":19,"column":7},"end":{"line":51,"column":null}},"6":{"start":{"line":20,"column":31},"end":{"line":20,"column":48}},"7":{"start":{"line":25,"column":4},"end":{"line":25,"column":61}},"8":{"start":{"line":30,"column":4},"end":{"line":30,"column":58}},"9":{"start":{"line":35,"column":4},"end":{"line":35,"column":59}},"10":{"start":{"line":40,"column":4},"end":{"line":40,"column":57}},"11":{"start":{"line":49,"column":4},"end":{"line":49,"column":78}},"12":{"start":{"line":19,"column":13},"end":{"line":19,"column":31}},"13":{"start":{"line":24,"column":8},"end":{"line":26,"column":null}},"14":{"start":{"line":29,"column":8},"end":{"line":31,"column":null}},"15":{"start":{"line":34,"column":8},"end":{"line":36,"column":null}},"16":{"start":{"line":39,"column":8},"end":{"line":41,"column":null}},"17":{"start":{"line":44,"column":8},"end":{"line":50,"column":null}},"18":{"start":{"line":19,"column":13},"end":{"line":51,"column":null}}},"fnMap":{"0":{"name":"(anonymous_4)","decl":{"start":{"line":20,"column":2},"end":{"line":20,"column":31}},"loc":{"start":{"line":20,"column":63},"end":{"line":20,"column":67}}},"1":{"name":"(anonymous_5)","decl":{"start":{"line":24,"column":2},"end":{"line":24,"column":7}},"loc":{"start":{"line":24,"column":77},"end":{"line":26,"column":3}}},"2":{"name":"(anonymous_6)","decl":{"start":{"line":29,"column":2},"end":{"line":29,"column":7}},"loc":{"start":{"line":29,"column":46},"end":{"line":31,"column":3}}},"3":{"name":"(anonymous_7)","decl":{"start":{"line":34,"column":2},"end":{"line":34,"column":7}},"loc":{"start":{"line":34,"column":49},"end":{"line":36,"column":3}}},"4":{"name":"(anonymous_8)","decl":{"start":{"line":39,"column":2},"end":{"line":39,"column":7}},"loc":{"start":{"line":39,"column":68},"end":{"line":41,"column":3}}},"5":{"name":"(anonymous_9)","decl":{"start":{"line":44,"column":2},"end":{"line":44,"column":7}},"loc":{"start":{"line":47,"column":39},"end":{"line":50,"column":3}}}},"branchMap":{"0":{"loc":{"start":{"line":24,"column":61},"end":{"line":24,"column":null}},"type":"cond-expr","locations":[{"start":{"line":24,"column":77},"end":{"line":24,"column":null}},{"start":{"line":24,"column":77},"end":{"line":24,"column":null}}]},"1":{"loc":{"start":{"line":24,"column":61},"end":{"line":24,"column":77}},"type":"binary-expr","locations":[{"start":{"line":24,"column":61},"end":{"line":24,"column":null}},{"start":{"line":24,"column":61},"end":{"line":24,"column":77}}]},"2":{"loc":{"start":{"line":47,"column":17},"end":{"line":47,"column":null}},"type":"cond-expr","locations":[{"start":{"line":47,"column":39},"end":{"line":47,"column":null}},{"start":{"line":47,"column":39},"end":{"line":47,"column":null}}]},"3":{"loc":{"start":{"line":47,"column":17},"end":{"line":47,"column":39}},"type":"binary-expr","locations":[{"start":{"line":47,"column":17},"end":{"line":47,"column":null}},{"start":{"line":47,"column":17},"end":{"line":47,"column":39}}]},"4":{"loc":{"start":{"line":20,"column":48},"end":{"line":20,"column":66}},"type":"cond-expr","locations":[{"start":{"line":20,"column":63},"end":{"line":20,"column":66}},{"start":{"line":20,"column":63},"end":{"line":20,"column":66}}]},"5":{"loc":{"start":{"line":20,"column":48},"end":{"line":20,"column":63}},"type":"binary-expr","locations":[{"start":{"line":20,"column":48},"end":{"line":20,"column":66}},{"start":{"line":20,"column":48},"end":{"line":20,"column":63}}]}},"s":{"0":0,"1":0,"2":0,"3":0,"4":0,"5":0,"6":0,"7":0,"8":0,"9":0,"10":0,"11":0,"12":0,"13":0,"14":0,"15":0,"16":0,"17":0,"18":0},"f":{"0":0,"1":0,"2":0,"3":0,"4":0,"5":0},"b":{"0":[0,0],"1":[0,0],"2":[0,0],"3":[0,0],"4":[0,0],"5":[0,0]}}
,"C:\\Users\\Administrator\\Documents\\George\\vehiclerentalservice\\apps\\api\\src\\bookings\\bookings.service.ts": {"path":"C:\\Users\\Administrator\\Documents\\George\\vehiclerentalservice\\apps\\api\\src\\bookings\\bookings.service.ts","statementMap":{"0":{"start":{"line":1,"column":0},"end":{"line":1,"column":104}},"1":{"start":{"line":2,"column":0},"end":{"line":2,"column":59}},"2":{"start":{"line":6,"column":7},"end":{"line":179,"column":null}},"3":{"start":{"line":7,"column":31},"end":{"line":7,"column":39}},"4":{"start":{"line":11,"column":22},"end":{"line":11,"column":45}},"5":{"start":{"line":12,"column":20},"end":{"line":12,"column":41}},"6":{"start":{"line":14,"column":4},"end":{"line":16,"column":5}},"7":{"start":{"line":15,"column":6},"end":{"line":15,"column":73}},"8":{"start":{"line":18,"column":4},"end":{"line":20,"column":5}},"9":{"start":{"line":19,"column":6},"end":{"line":19,"column":72}},"10":{"start":{"line":23,"column":20},"end":{"line":26,"column":6}},"11":{"start":{"line":28,"column":4},"end":{"line":30,"column":5}},"12":{"start":{"line":29,"column":6},"end":{"line":29,"column":55}},"13":{"start":{"line":32,"column":4},"end":{"line":34,"column":5}},"14":{"start":{"line":33,"column":6},"end":{"line":33,"column":64}},"15":{"start":{"line":37,"column":31},"end":{"line":48,"column":6}},"16":{"start":{"line":50,"column":4},"end":{"line":52,"column":5}},"17":{"start":{"line":51,"column":6},"end":{"line":51,"column":88}},"18":{"start":{"line":55,"column":17},"end":{"line":55,"column":93}},"19":{"start":{"line":56,"column":22},"end":{"line":56,"column":54}},"20":{"start":{"line":57,"column":24},"end":{"line":57,"column":52}},"21":{"start":{"line":58,"column":23},"end":{"line":58,"column":46}},"22":{"start":{"line":61,"column":20},"end":{"line":88,"column":6}},"23":{"start":{"line":90,"column":4},"end":{"line":93,"column":6}},"24":{"start":{"line":97,"column":4},"end":{"line":107,"column":7}},"25":{"start":{"line":111,"column":4},"end":{"line":118,"column":7}},"26":{"start":{"line":122,"column":20},"end":{"line":132,"column":6}},"27":{"start":{"line":134,"column":4},"end":{"line":136,"column":5}},"28":{"start":{"line":135,"column":6},"end":{"line":135,"column":55}},"29":{"start":{"line":139,"column":4},"end":{"line":141,"column":5}},"30":{"start":{"line":140,"column":6},"end":{"line":140,"column":52}},"31":{"start":{"line":143,"column":4},"end":{"line":143,"column":19}},"32":{"start":{"line":147,"column":20},"end":{"line":150,"column":6}},"33":{"start":{"line":152,"column":4},"end":{"line":154,"column":5}},"34":{"start":{"line":153,"column":6},"end":{"line":153,"column":55}},"35":{"start":{"line":157,"column":4},"end":{"line":159,"column":5}},"36":{"start":{"line":158,"column":6},"end":{"line":158,"column":87}},"37":{"start":{"line":161,"column":27},"end":{"line":172,"column":6}},"38":{"start":{"line":174,"column":4},"end":{"line":177,"column":6}},"39":{"start":{"line":6,"column":13},"end":{"line":6,"column":28}},"40":{"start":{"line":6,"column":13},"end":{"line":179,"column":null}}},"fnMap":{"0":{"name":"(anonymous_2)","decl":{"start":{"line":7,"column":2},"end":{"line":7,"column":31}},"loc":{"start":{"line":7,"column":52},"end":{"line":7,"column":56}}},"1":{"name":"(anonymous_3)","decl":{"start":{"line":9,"column":2},"end":{"line":9,"column":7}},"loc":{"start":{"line":9,"column":61},"end":{"line":94,"column":3}}},"2":{"name":"(anonymous_4)","decl":{"start":{"line":96,"column":2},"end":{"line":96,"column":7}},"loc":{"start":{"line":96,"column":38},"end":{"line":108,"column":3}}},"3":{"name":"(anonymous_5)","decl":{"start":{"line":110,"column":2},"end":{"line":110,"column":7}},"loc":{"start":{"line":110,"column":40},"end":{"line":119,"column":3}}},"4":{"name":"(anonymous_6)","decl":{"start":{"line":121,"column":2},"end":{"line":121,"column":7}},"loc":{"start":{"line":121,"column":52},"end":{"line":144,"column":3}}},"5":{"name":"(anonymous_7)","decl":{"start":{"line":146,"column":2},"end":{"line":146,"column":7}},"loc":{"start":{"line":146,"column":77},"end":{"line":178,"column":3}}}},"branchMap":{"0":{"loc":{"start":{"line":14,"column":4},"end":{"line":16,"column":5}},"type":"if","locations":[{"start":{"line":14,"column":4},"end":{"line":16,"column":5}}]},"1":{"loc":{"start":{"line":18,"column":4},"end":{"line":20,"column":5}},"type":"if","locations":[{"start":{"line":18,"column":4},"end":{"line":20,"column":5}}]},"2":{"loc":{"start":{"line":28,"column":4},"end":{"line":30,"column":5}},"type":"if","locations":[{"start":{"line":28,"column":4},"end":{"line":30,"column":5}}]},"3":{"loc":{"start":{"line":32,"column":4},"end":{"line":34,"column":5}},"type":"if","locations":[{"start":{"line":32,"column":4},"end":{"line":34,"column":5}}]},"4":{"loc":{"start":{"line":50,"column":4},"end":{"line":52,"column":5}},"type":"if","locations":[{"start":{"line":50,"column":4},"end":{"line":52,"column":5}}]},"5":{"loc":{"start":{"line":56,"column":30},"end":{"line":56,"column":53}},"type":"binary-expr","locations":[{"start":{"line":56,"column":30},"end":{"line":56,"column":48}},{"start":{"line":56,"column":52},"end":{"line":56,"column":53}}]},"6":{"loc":{"start":{"line":57,"column":24},"end":{"line":57,"column":52}},"type":"cond-expr","locations":[{"start":{"line":57,"column":44},"end":{"line":57,"column":48}},{"start":{"line":57,"column":51},"end":{"line":57,"column":52}}]},"7":{"loc":{"start":{"line":77,"column":24},"end":{"line":77,"column":86}},"type":"cond-expr","locations":[{"start":{"line":77,"column":45},"end":{"line":77,"column":79}},{"start":{"line":77,"column":82},"end":{"line":77,"column":86}}]},"8":{"loc":{"start":{"line":78,"column":25},"end":{"line":78,"column":89}},"type":"cond-expr","locations":[{"start":{"line":78,"column":47},"end":{"line":78,"column":82}},{"start":{"line":78,"column":85},"end":{"line":78,"column":89}}]},"9":{"loc":{"start":{"line":134,"column":4},"end":{"line":136,"column":5}},"type":"if","locations":[{"start":{"line":134,"column":4},"end":{"line":136,"column":5}}]},"10":{"loc":{"start":{"line":139,"column":4},"end":{"line":141,"column":5}},"type":"if","locations":[{"start":{"line":139,"column":4},"end":{"line":141,"column":5}}]},"11":{"loc":{"start":{"line":139,"column":8},"end":{"line":139,"column":65}},"type":"binary-expr","locations":[{"start":{"line":139,"column":8},"end":{"line":139,"column":35}},{"start":{"line":139,"column":39},"end":{"line":139,"column":65}}]},"12":{"loc":{"start":{"line":152,"column":4},"end":{"line":154,"column":5}},"type":"if","locations":[{"start":{"line":152,"column":4},"end":{"line":154,"column":5}}]},"13":{"loc":{"start":{"line":157,"column":4},"end":{"line":159,"column":5}},"type":"if","locations":[{"start":{"line":157,"column":4},"end":{"line":159,"column":5}}]},"14":{"loc":{"start":{"line":7,"column":39},"end":{"line":7,"column":55}},"type":"cond-expr","locations":[{"start":{"line":7,"column":52},"end":{"line":7,"column":55}},{"start":{"line":7,"column":52},"end":{"line":7,"column":55}}]},"15":{"loc":{"start":{"line":7,"column":39},"end":{"line":7,"column":52}},"type":"binary-expr","locations":[{"start":{"line":7,"column":39},"end":{"line":7,"column":55}},{"start":{"line":7,"column":39},"end":{"line":7,"column":52}}]}},"s":{"0":1,"1":1,"2":1,"3":9,"4":2,"5":2,"6":2,"7":0,"8":2,"9":0,"10":2,"11":2,"12":1,"13":1,"14":0,"15":1,"16":1,"17":0,"18":1,"19":1,"20":1,"21":1,"22":1,"23":1,"24":1,"25":1,"26":2,"27":2,"28":1,"29":1,"30":0,"31":1,"32":2,"33":2,"34":1,"35":1,"36":0,"37":1,"38":1,"39":1,"40":1},"f":{"0":9,"1":2,"2":1,"3":1,"4":2,"5":2},"b":{"0":[0],"1":[0],"2":[1],"3":[0],"4":[0],"5":[1,0],"6":[0,1],"7":[0,1],"8":[0,1],"9":[1],"10":[0],"11":[1,0],"12":[1],"13":[0],"14":[1,0],"15":[1,1]}}
,"C:\\Users\\Administrator\\Documents\\George\\vehiclerentalservice\\apps\\api\\src\\config\\env.validation.ts": {"path":"C:\\Users\\Administrator\\Documents\\George\\vehiclerentalservice\\apps\\api\\src\\config\\env.validation.ts","statementMap":{"0":{"start":{"line":1,"column":0},"end":{"line":1,"column":27}},"1":{"start":{"line":3,"column":13},"end":{"line":33,"column":3}}},"fnMap":{},"branchMap":{},"s":{"0":0,"1":0},"f":{},"b":{}}
,"C:\\Users\\Administrator\\Documents\\George\\vehiclerentalservice\\apps\\api\\src\\contact\\contact.controller.ts": {"path":"C:\\Users\\Administrator\\Documents\\George\\vehiclerentalservice\\apps\\api\\src\\contact\\contact.controller.ts","statementMap":{"0":{"start":{"line":1,"column":0},"end":{"line":1,"column":78}},"1":{"start":{"line":2,"column":0},"end":{"line":2,"column":51}},"2":{"start":{"line":3,"column":0},"end":{"line":3,"column":53}},"3":{"start":{"line":6,"column":7},"end":{"line":14,"column":null}},"4":{"start":{"line":7,"column":31},"end":{"line":7,"column":47}},"5":{"start":{"line":12,"column":4},"end":{"line":12,"column":50}},"6":{"start":{"line":6,"column":13},"end":{"line":6,"column":30}},"7":{"start":{"line":11,"column":8},"end":{"line":13,"column":null}},"8":{"start":{"line":6,"column":13},"end":{"line":14,"column":null}}},"fnMap":{"0":{"name":"(anonymous_4)","decl":{"start":{"line":7,"column":2},"end":{"line":7,"column":31}},"loc":{"start":{"line":7,"column":61},"end":{"line":7,"column":65}}},"1":{"name":"(anonymous_5)","decl":{"start":{"line":11,"column":2},"end":{"line":11,"column":7}},"loc":{"start":{"line":11,"column":51},"end":{"line":13,"column":3}}}},"branchMap":{"0":{"loc":{"start":{"line":11,"column":35},"end":{"line":11,"column":null}},"type":"cond-expr","locations":[{"start":{"line":11,"column":51},"end":{"line":11,"column":null}},{"start":{"line":11,"column":51},"end":{"line":11,"column":null}}]},"1":{"loc":{"start":{"line":11,"column":35},"end":{"line":11,"column":51}},"type":"binary-expr","locations":[{"start":{"line":11,"column":35},"end":{"line":11,"column":null}},{"start":{"line":11,"column":35},"end":{"line":11,"column":51}}]},"2":{"loc":{"start":{"line":7,"column":47},"end":{"line":7,"column":64}},"type":"cond-expr","locations":[{"start":{"line":7,"column":61},"end":{"line":7,"column":64}},{"start":{"line":7,"column":61},"end":{"line":7,"column":64}}]},"3":{"loc":{"start":{"line":7,"column":47},"end":{"line":7,"column":61}},"type":"binary-expr","locations":[{"start":{"line":7,"column":47},"end":{"line":7,"column":64}},{"start":{"line":7,"column":47},"end":{"line":7,"column":61}}]}},"s":{"0":0,"1":0,"2":0,"3":0,"4":0,"5":0,"6":0,"7":0,"8":0},"f":{"0":0,"1":0},"b":{"0":[0,0],"1":[0,0],"2":[0,0],"3":[0,0]}}
,"C:\\Users\\Administrator\\Documents\\George\\vehiclerentalservice\\apps\\api\\src\\contact\\contact.service.ts": {"path":"C:\\Users\\Administrator\\Documents\\George\\vehiclerentalservice\\apps\\api\\src\\contact\\contact.service.ts","statementMap":{"0":{"start":{"line":1,"column":0},"end":{"line":1,"column":52}},"1":{"start":{"line":5,"column":27},"end":{"line":30,"column":null}},"2":{"start":{"line":6,"column":28},"end":{"line":6,"column":59}},"3":{"start":{"line":10,"column":4},"end":{"line":10,"column":72}},"4":{"start":{"line":19,"column":4},"end":{"line":21,"column":5}},"5":{"start":{"line":20,"column":6},"end":{"line":20,"column":70}},"6":{"start":{"line":24,"column":4},"end":{"line":24,"column":60}},"7":{"start":{"line":24,"column":33},"end":{"line":24,"column":58}},"8":{"start":{"line":26,"column":4},"end":{"line":28,"column":6}},"9":{"start":{"line":5,"column":13},"end":{"line":5,"column":27}},"10":{"start":{"line":5,"column":13},"end":{"line":30,"column":null}}},"fnMap":{"0":{"name":"(anonymous_1)","decl":{"start":{"line":8,"column":2},"end":{"line":8,"column":7}},"loc":{"start":{"line":8,"column":43},"end":{"line":29,"column":3}}},"1":{"name":"(anonymous_2)","decl":{"start":{"line":24,"column":22},"end":{"line":24,"column":29}},"loc":{"start":{"line":24,"column":33},"end":{"line":24,"column":58}}}},"branchMap":{"0":{"loc":{"start":{"line":19,"column":4},"end":{"line":21,"column":5}},"type":"if","locations":[{"start":{"line":19,"column":4},"end":{"line":21,"column":5}}]}},"s":{"0":0,"1":0,"2":0,"3":0,"4":0,"5":0,"6":0,"7":0,"8":0,"9":0,"10":0},"f":{"0":0,"1":0},"b":{"0":[0]}}
,"C:\\Users\\Administrator\\Documents\\George\\vehiclerentalservice\\apps\\api\\src\\database\\prisma.service.ts": {"path":"C:\\Users\\Administrator\\Documents\\George\\vehiclerentalservice\\apps\\api\\src\\database\\prisma.service.ts","statementMap":{"0":{"start":{"line":1,"column":0},"end":{"line":1,"column":83}},"1":{"start":{"line":2,"column":0},"end":{"line":2,"column":46}},"2":{"start":{"line":5,"column":26},"end":{"line":24,"column":null}},"3":{"start":{"line":6,"column":28},"end":{"line":6,"column":58}},"4":{"start":{"line":11,"column":4},"end":{"line":14,"column":5}},"5":{"start":{"line":12,"column":6},"end":{"line":12,"column":79}},"6":{"start":{"line":13,"column":6},"end":{"line":13,"column":13}},"7":{"start":{"line":16,"column":4},"end":{"line":16,"column":26}},"8":{"start":{"line":17,"column":4},"end":{"line":17,"column":45}},"9":{"start":{"line":21,"column":4},"end":{"line":21,"column":29}},"10":{"start":{"line":22,"column":4},"end":{"line":22,"column":50}},"11":{"start":{"line":5,"column":13},"end":{"line":5,"column":26}},"12":{"start":{"line":5,"column":13},"end":{"line":24,"column":null}}},"fnMap":{"0":{"name":"(anonymous_1)","decl":{"start":{"line":8,"column":2},"end":{"line":8,"column":7}},"loc":{"start":{"line":8,"column":20},"end":{"line":18,"column":3}}},"1":{"name":"(anonymous_2)","decl":{"start":{"line":20,"column":2},"end":{"line":20,"column":7}},"loc":{"start":{"line":20,"column":23},"end":{"line":23,"column":3}}}},"branchMap":{"0":{"loc":{"start":{"line":11,"column":4},"end":{"line":14,"column":5}},"type":"if","locations":[{"start":{"line":11,"column":4},"end":{"line":14,"column":5}}]}},"s":{"0":4,"1":4,"2":4,"3":0,"4":0,"5":0,"6":0,"7":0,"8":0,"9":0,"10":0,"11":4,"12":4},"f":{"0":0,"1":0},"b":{"0":[0]}}
,"C:\\Users\\Administrator\\Documents\\George\\vehiclerentalservice\\apps\\api\\src\\health\\health.controller.ts": {"path":"C:\\Users\\Administrator\\Documents\\George\\vehiclerentalservice\\apps\\api\\src\\health\\health.controller.ts","statementMap":{"0":{"start":{"line":1,"column":0},"end":{"line":1,"column":49}},"1":{"start":{"line":2,"column":0},"end":{"line":2,"column":49}},"2":{"start":{"line":5,"column":7},"end":{"line":12,"column":null}},"3":{"start":{"line":6,"column":31},"end":{"line":6,"column":46}},"4":{"start":{"line":10,"column":4},"end":{"line":10,"column":38}},"5":{"start":{"line":5,"column":13},"end":{"line":5,"column":29}},"6":{"start":{"line":9,"column":8},"end":{"line":11,"column":null}},"7":{"start":{"line":5,"column":13},"end":{"line":12,"column":null}}},"fnMap":{"0":{"name":"(anonymous_2)","decl":{"start":{"line":6,"column":2},"end":{"line":6,"column":31}},"loc":{"start":{"line":6,"column":59},"end":{"line":6,"column":63}}},"1":{"name":"(anonymous_3)","decl":{"start":{"line":9,"column":2},"end":{"line":9,"column":7}},"loc":{"start":{"line":9,"column":13},"end":{"line":11,"column":3}}}},"branchMap":{"0":{"loc":{"start":{"line":6,"column":46},"end":{"line":6,"column":62}},"type":"cond-expr","locations":[{"start":{"line":6,"column":59},"end":{"line":6,"column":62}},{"start":{"line":6,"column":59},"end":{"line":6,"column":62}}]},"1":{"loc":{"start":{"line":6,"column":46},"end":{"line":6,"column":59}},"type":"binary-expr","locations":[{"start":{"line":6,"column":46},"end":{"line":6,"column":62}},{"start":{"line":6,"column":46},"end":{"line":6,"column":59}}]}},"s":{"0":0,"1":0,"2":0,"3":0,"4":0,"5":0,"6":0,"7":0},"f":{"0":0,"1":0},"b":{"0":[0,0],"1":[0,0]}}
,"C:\\Users\\Administrator\\Documents\\George\\vehiclerentalservice\\apps\\api\\src\\health\\health.service.ts": {"path":"C:\\Users\\Administrator\\Documents\\George\\vehiclerentalservice\\apps\\api\\src\\health\\health.service.ts","statementMap":{"0":{"start":{"line":1,"column":0},"end":{"line":1,"column":56}},"1":{"start":{"line":2,"column":0},"end":{"line":2,"column":59}},"2":{"start":{"line":5,"column":7},"end":{"line":37,"column":null}},"3":{"start":{"line":6,"column":31},"end":{"line":6,"column":39}},"4":{"start":{"line":9,"column":22},"end":{"line":9,"column":32}},"5":{"start":{"line":10,"column":55},"end":{"line":10,"column":69}},"6":{"start":{"line":11,"column":21},"end":{"line":11,"column":34}},"7":{"start":{"line":13,"column":4},"end":{"line":20,"column":5}},"8":{"start":{"line":15,"column":6},"end":{"line":15,"column":44}},"9":{"start":{"line":16,"column":6},"end":{"line":16,"column":35}},"10":{"start":{"line":18,"column":6},"end":{"line":18,"column":38}},"11":{"start":{"line":19,"column":6},"end":{"line":19,"column":50}},"12":{"start":{"line":22,"column":21},"end":{"line":29,"column":6}},"13":{"start":{"line":31,"column":4},"end":{"line":33,"column":5}},"14":{"start":{"line":32,"column":6},"end":{"line":32,"column":48}},"15":{"start":{"line":35,"column":4},"end":{"line":35,"column":20}},"16":{"start":{"line":5,"column":13},"end":{"line":5,"column":26}},"17":{"start":{"line":5,"column":13},"end":{"line":37,"column":null}}},"fnMap":{"0":{"name":"(anonymous_2)","decl":{"start":{"line":6,"column":2},"end":{"line":6,"column":31}},"loc":{"start":{"line":6,"column":52},"end":{"line":6,"column":56}}},"1":{"name":"(anonymous_3)","decl":{"start":{"line":8,"column":2},"end":{"line":8,"column":7}},"loc":{"start":{"line":8,"column":13},"end":{"line":36,"column":3}}}},"branchMap":{"0":{"loc":{"start":{"line":23,"column":14},"end":{"line":23,"column":64}},"type":"cond-expr","locations":[{"start":{"line":23,"column":47},"end":{"line":23,"column":51}},{"start":{"line":23,"column":54},"end":{"line":23,"column":64}}]},"1":{"loc":{"start":{"line":25,"column":19},"end":{"line":25,"column":56}},"type":"binary-expr","locations":[{"start":{"line":25,"column":19},"end":{"line":25,"column":39}},{"start":{"line":25,"column":43},"end":{"line":25,"column":56}}]},"2":{"loc":{"start":{"line":31,"column":4},"end":{"line":33,"column":5}},"type":"if","locations":[{"start":{"line":31,"column":4},"end":{"line":33,"column":5}}]},"3":{"loc":{"start":{"line":6,"column":39},"end":{"line":6,"column":55}},"type":"cond-expr","locations":[{"start":{"line":6,"column":52},"end":{"line":6,"column":55}},{"start":{"line":6,"column":52},"end":{"line":6,"column":55}}]},"4":{"loc":{"start":{"line":6,"column":39},"end":{"line":6,"column":52}},"type":"binary-expr","locations":[{"start":{"line":6,"column":39},"end":{"line":6,"column":55}},{"start":{"line":6,"column":39},"end":{"line":6,"column":52}}]}},"s":{"0":1,"1":1,"2":1,"3":4,"4":3,"5":3,"6":3,"7":3,"8":3,"9":2,"10":1,"11":1,"12":3,"13":3,"14":1,"15":2,"16":1,"17":1},"f":{"0":4,"1":3},"b":{"0":[2,1],"1":[3,0],"2":[1],"3":[1,0],"4":[1,1]}}
,"C:\\Users\\Administrator\\Documents\\George\\vehiclerentalservice\\apps\\api\\src\\kyc\\kyc.controller.ts": {"path":"C:\\Users\\Administrator\\Documents\\George\\vehiclerentalservice\\apps\\api\\src\\kyc\\kyc.controller.ts","statementMap":{"0":{"start":{"line":1,"column":0},"end":{"line":1,"column":null}},"1":{"start":{"line":14,"column":0},"end":{"line":14,"column":65}},"2":{"start":{"line":15,"column":0},"end":{"line":15,"column":43}},"3":{"start":{"line":16,"column":0},"end":{"line":16,"column":45}},"4":{"start":{"line":17,"column":0},"end":{"line":17,"column":61}},"5":{"start":{"line":18,"column":0},"end":{"line":18,"column":56}},"6":{"start":{"line":19,"column":0},"end":{"line":19,"column":59}},"7":{"start":{"line":20,"column":0},"end":{"line":20,"column":72}},"8":{"start":{"line":24,"column":7},"end":{"line":78,"column":null}},"9":{"start":{"line":25,"column":31},"end":{"line":25,"column":43}},"10":{"start":{"line":43,"column":4},"end":{"line":43,"column":59}},"11":{"start":{"line":48,"column":4},"end":{"line":48,"column":50}},"12":{"start":{"line":56,"column":4},"end":{"line":56,"column":43}},"13":{"start":{"line":66,"column":4},"end":{"line":66,"column":63}},"14":{"start":{"line":76,"column":4},"end":{"line":76,"column":63}},"15":{"start":{"line":24,"column":13},"end":{"line":24,"column":26}},"16":{"start":{"line":34,"column":8},"end":{"line":44,"column":null}},"17":{"start":{"line":47,"column":8},"end":{"line":49,"column":null}},"18":{"start":{"line":55,"column":8},"end":{"line":57,"column":null}},"19":{"start":{"line":62,"column":8},"end":{"line":67,"column":null}},"20":{"start":{"line":72,"column":8},"end":{"line":77,"column":null}},"21":{"start":{"line":24,"column":13},"end":{"line":78,"column":null}}},"fnMap":{"0":{"name":"(anonymous_4)","decl":{"start":{"line":25,"column":2},"end":{"line":25,"column":31}},"loc":{"start":{"line":25,"column":53},"end":{"line":25,"column":57}}},"1":{"name":"(anonymous_5)","decl":{"start":{"line":34,"column":2},"end":{"line":34,"column":7}},"loc":{"start":{"line":41,"column":5},"end":{"line":44,"column":3}}},"2":{"name":"(anonymous_6)","decl":{"start":{"line":47,"column":2},"end":{"line":47,"column":7}},"loc":{"start":{"line":47,"column":45},"end":{"line":49,"column":3}}},"3":{"name":"(anonymous_7)","decl":{"start":{"line":55,"column":2},"end":{"line":55,"column":7}},"loc":{"start":{"line":55,"column":46},"end":{"line":57,"column":3}}},"4":{"name":"(anonymous_8)","decl":{"start":{"line":62,"column":2},"end":{"line":62,"column":7}},"loc":{"start":{"line":64,"column":28},"end":{"line":67,"column":3}}},"5":{"name":"(anonymous_9)","decl":{"start":{"line":72,"column":2},"end":{"line":72,"column":7}},"loc":{"start":{"line":74,"column":28},"end":{"line":77,"column":3}}}},"branchMap":{"0":{"loc":{"start":{"line":36,"column":17},"end":{"line":36,"column":null}},"type":"cond-expr","locations":[{"start":{"line":36,"column":29},"end":{"line":36,"column":null}},{"start":{"line":36,"column":29},"end":{"line":36,"column":null}}]},"1":{"loc":{"start":{"line":36,"column":17},"end":{"line":36,"column":29}},"type":"binary-expr","locations":[{"start":{"line":36,"column":17},"end":{"line":36,"column":null}},{"start":{"line":36,"column":17},"end":{"line":36,"column":29}}]},"2":{"loc":{"start":{"line":25,"column":43},"end":{"line":25,"column":56}},"type":"cond-expr","locations":[{"start":{"line":25,"column":53},"end":{"line":25,"column":56}},{"start":{"line":25,"column":53},"end":{"line":25,"column":56}}]},"3":{"loc":{"start":{"line":25,"column":43},"end":{"line":25,"column":53}},"type":"binary-expr","locations":[{"start":{"line":25,"column":43},"end":{"line":25,"column":56}},{"start":{"line":25,"column":43},"end":{"line":25,"column":53}}]}},"s":{"0":0,"1":0,"2":0,"3":0,"4":0,"5":0,"6":0,"7":0,"8":0,"9":0,"10":0,"11":0,"12":0,"13":0,"14":0,"15":0,"16":0,"17":0,"18":0,"19":0,"20":0,"21":0},"f":{"0":0,"1":0,"2":0,"3":0,"4":0,"5":0},"b":{"0":[0,0],"1":[0,0],"2":[0,0],"3":[0,0]}}
,"C:\\Users\\Administrator\\Documents\\George\\vehiclerentalservice\\apps\\api\\src\\kyc\\kyc.service.ts": {"path":"C:\\Users\\Administrator\\Documents\\George\\vehiclerentalservice\\apps\\api\\src\\kyc\\kyc.service.ts","statementMap":{"0":{"start":{"line":1,"column":0},"end":{"line":1,"column":71}},"1":{"start":{"line":2,"column":0},"end":{"line":2,"column":59}},"2":{"start":{"line":4,"column":0},"end":{"line":4,"column":29}},"3":{"start":{"line":5,"column":0},"end":{"line":5,"column":34}},"4":{"start":{"line":8,"column":23},"end":{"line":238,"column":null}},"5":{"start":{"line":9,"column":28},"end":{"line":9,"column":55}},"6":{"start":{"line":11,"column":31},"end":{"line":11,"column":39}},"7":{"start":{"line":23,"column":24},"end":{"line":25,"column":6}},"8":{"start":{"line":27,"column":4},"end":{"line":29,"column":5}},"9":{"start":{"line":28,"column":6},"end":{"line":28,"column":59}},"10":{"start":{"line":38,"column":22},"end":{"line":38,"column":72}},"11":{"start":{"line":40,"column":4},"end":{"line":44,"column":5}},"12":{"start":{"line":41,"column":6},"end":{"line":41,"column":53}},"13":{"start":{"line":43,"column":6},"end":{"line":43,"column":68}},"14":{"start":{"line":46,"column":21},"end":{"line":46,"column":23}},"15":{"start":{"line":47,"column":20},"end":{"line":47,"column":22}},"16":{"start":{"line":48,"column":20},"end":{"line":48,"column":22}},"17":{"start":{"line":51,"column":4},"end":{"line":54,"column":5}},"18":{"start":{"line":52,"column":6},"end":{"line":52,"column":57}},"19":{"start":{"line":53,"column":6},"end":{"line":53,"column":58}},"20":{"start":{"line":56,"column":4},"end":{"line":59,"column":5}},"21":{"start":{"line":57,"column":6},"end":{"line":57,"column":55}},"22":{"start":{"line":58,"column":6},"end":{"line":58,"column":56}},"23":{"start":{"line":61,"column":4},"end":{"line":64,"column":5}},"24":{"start":{"line":62,"column":6},"end":{"line":62,"column":54}},"25":{"start":{"line":63,"column":6},"end":{"line":63,"column":55}},"26":{"start":{"line":67,"column":20},"end":{"line":79,"column":6}},"27":{"start":{"line":81,"column":4},"end":{"line":90,"column":5}},"28":{"start":{"line":82,"column":6},"end":{"line":85,"column":9}},"29":{"start":{"line":87,"column":6},"end":{"line":89,"column":9}},"30":{"start":{"line":93,"column":4},"end":{"line":97,"column":7}},"31":{"start":{"line":99,"column":4},"end":{"line":99,"column":56}},"32":{"start":{"line":101,"column":4},"end":{"line":103,"column":6}},"33":{"start":{"line":107,"column":16},"end":{"line":116,"column":6}},"34":{"start":{"line":118,"column":4},"end":{"line":120,"column":5}},"35":{"start":{"line":119,"column":6},"end":{"line":119,"column":60}},"36":{"start":{"line":122,"column":4},"end":{"line":130,"column":6}},"37":{"start":{"line":134,"column":23},"end":{"line":151,"column":6}},"38":{"start":{"line":153,"column":4},"end":{"line":179,"column":8}},"39":{"start":{"line":153,"column":34},"end":{"line":179,"column":6}},"40":{"start":{"line":183,"column":16},"end":{"line":193,"column":6}},"41":{"start":{"line":195,"column":4},"end":{"line":197,"column":5}},"42":{"start":{"line":196,"column":6},"end":{"line":196,"column":50}},"43":{"start":{"line":200,"column":4},"end":{"line":203,"column":7}},"44":{"start":{"line":206,"column":4},"end":{"line":211,"column":7}},"45":{"start":{"line":214,"column":4},"end":{"line":225,"column":7}},"46":{"start":{"line":227,"column":4},"end":{"line":227,"column":89}},"47":{"start":{"line":229,"column":4},"end":{"line":236,"column":6}},"48":{"start":{"line":8,"column":13},"end":{"line":8,"column":23}},"49":{"start":{"line":8,"column":13},"end":{"line":238,"column":null}}},"fnMap":{"0":{"name":"(anonymous_11)","decl":{"start":{"line":11,"column":2},"end":{"line":11,"column":31}},"loc":{"start":{"line":11,"column":52},"end":{"line":11,"column":56}}},"1":{"name":"(anonymous_12)","decl":{"start":{"line":13,"column":2},"end":{"line":13,"column":7}},"loc":{"start":{"line":20,"column":5},"end":{"line":104,"column":3}}},"2":{"name":"(anonymous_13)","decl":{"start":{"line":106,"column":2},"end":{"line":106,"column":7}},"loc":{"start":{"line":106,"column":35},"end":{"line":131,"column":3}}},"3":{"name":"(anonymous_14)","decl":{"start":{"line":133,"column":2},"end":{"line":133,"column":7}},"loc":{"start":{"line":133,"column":21},"end":{"line":180,"column":3}}},"4":{"name":"(anonymous_15)","decl":{"start":{"line":153,"column":26},"end":{"line":153,"column":29}},"loc":{"start":{"line":153,"column":34},"end":{"line":179,"column":6}}},"5":{"name":"(anonymous_16)","decl":{"start":{"line":182,"column":2},"end":{"line":182,"column":7}},"loc":{"start":{"line":182,"column":71},"end":{"line":237,"column":3}}}},"branchMap":{"0":{"loc":{"start":{"line":27,"column":4},"end":{"line":29,"column":5}},"type":"if","locations":[{"start":{"line":27,"column":4},"end":{"line":29,"column":5}}]},"1":{"loc":{"start":{"line":27,"column":8},"end":{"line":27,"column":56}},"type":"binary-expr","locations":[{"start":{"line":27,"column":8},"end":{"line":27,"column":19}},{"start":{"line":27,"column":23},"end":{"line":27,"column":56}}]},"2":{"loc":{"start":{"line":51,"column":4},"end":{"line":54,"column":5}},"type":"if","locations":[{"start":{"line":51,"column":4},"end":{"line":54,"column":5}}]},"3":{"loc":{"start":{"line":56,"column":4},"end":{"line":59,"column":5}},"type":"if","locations":[{"start":{"line":56,"column":4},"end":{"line":59,"column":5}}]},"4":{"loc":{"start":{"line":61,"column":4},"end":{"line":64,"column":5}},"type":"if","locations":[{"start":{"line":61,"column":4},"end":{"line":64,"column":5}}]},"5":{"loc":{"start":{"line":72,"column":12},"end":{"line":72,"column":26}},"type":"binary-expr","locations":[{"start":{"line":72,"column":12},"end":{"line":72,"column":20}},{"start":{"line":72,"column":24},"end":{"line":72,"column":26}}]},"6":{"loc":{"start":{"line":73,"column":16},"end":{"line":73,"column":62}},"type":"cond-expr","locations":[{"start":{"line":73,"column":31},"end":{"line":73,"column":55}},{"start":{"line":73,"column":58},"end":{"line":73,"column":62}}]},"7":{"loc":{"start":{"line":74,"column":17},"end":{"line":74,"column":65}},"type":"cond-expr","locations":[{"start":{"line":74,"column":33},"end":{"line":74,"column":58}},{"start":{"line":74,"column":61},"end":{"line":74,"column":65}}]},"8":{"loc":{"start":{"line":81,"column":4},"end":{"line":90,"column":5}},"type":"if","locations":[{"start":{"line":81,"column":4},"end":{"line":90,"column":5}},{"start":{"line":86,"column":11},"end":{"line":90,"column":5}}]},"9":{"loc":{"start":{"line":118,"column":4},"end":{"line":120,"column":5}},"type":"if","locations":[{"start":{"line":118,"column":4},"end":{"line":120,"column":5}}]},"10":{"loc":{"start":{"line":155,"column":12},"end":{"line":155,"column":41}},"type":"binary-expr","locations":[{"start":{"line":155,"column":12},"end":{"line":155,"column":25}},{"start":{"line":155,"column":29},"end":{"line":155,"column":41}}]},"11":{"loc":{"start":{"line":164,"column":8},"end":{"line":164,"column":40}},"type":"binary-expr","locations":[{"start":{"line":164,"column":8},"end":{"line":164,"column":22}},{"start":{"line":164,"column":26},"end":{"line":164,"column":40}}]},"12":{"loc":{"start":{"line":165,"column":8},"end":{"line":165,"column":38}},"type":"binary-expr","locations":[{"start":{"line":165,"column":8},"end":{"line":165,"column":21}},{"start":{"line":165,"column":25},"end":{"line":165,"column":38}}]},"13":{"loc":{"start":{"line":166,"column":8},"end":{"line":166,"column":37}},"type":"binary-expr","locations":[{"start":{"line":166,"column":8},"end":{"line":166,"column":21}},{"start":{"line":166,"column":25},"end":{"line":166,"column":37}}]},"14":{"loc":{"start":{"line":195,"column":4},"end":{"line":197,"column":5}},"type":"if","locations":[{"start":{"line":195,"column":4},"end":{"line":197,"column":5}}]},"15":{"loc":{"start":{"line":218,"column":15},"end":{"line":218,"column":46}},"type":"cond-expr","locations":[{"start":{"line":218,"column":39},"end":{"line":218,"column":41}},{"start":{"line":218,"column":44},"end":{"line":218,"column":46}}]},"16":{"loc":{"start":{"line":223,"column":15},"end":{"line":223,"column":46}},"type":"cond-expr","locations":[{"start":{"line":223,"column":39},"end":{"line":223,"column":41}},{"start":{"line":223,"column":44},"end":{"line":223,"column":46}}]},"17":{"loc":{"start":{"line":11,"column":39},"end":{"line":11,"column":55}},"type":"cond-expr","locations":[{"start":{"line":11,"column":52},"end":{"line":11,"column":55}},{"start":{"line":11,"column":52},"end":{"line":11,"column":55}}]},"18":{"loc":{"start":{"line":11,"column":39},"end":{"line":11,"column":52}},"type":"binary-expr","locations":[{"start":{"line":11,"column":39},"end":{"line":11,"column":55}},{"start":{"line":11,"column":39},"end":{"line":11,"column":52}}]}},"s":{"0":0,"1":0,"2":0,"3":0,"4":0,"5":0,"6":0,"7":0,"8":0,"9":0,"10":0,"11":0,"12":0,"13":0,"14":0,"15":0,"16":0,"17":0,"18":0,"19":0,"20":0,"21":0,"22":0,"23":0,"24":0,"25":0,"26":0,"27":0,"28":0,"29":0,"30":0,"31":0,"32":0,"33":0,"34":0,"35":0,"36":0,"37":0,"38":0,"39":0,"40":0,"41":0,"42":0,"43":0,"44":0,"45":0,"46":0,"47":0,"48":0,"49":0},"f":{"0":0,"1":0,"2":0,"3":0,"4":0,"5":0},"b":{"0":[0],"1":[0,0],"2":[0],"3":[0],"4":[0],"5":[0,0],"6":[0,0],"7":[0,0],"8":[0,0],"9":[0],"10":[0,0],"11":[0,0],"12":[0,0],"13":[0,0],"14":[0],"15":[0,0],"16":[0,0],"17":[0,0],"18":[0,0]}}
,"C:\\Users\\Administrator\\Documents\\George\\vehiclerentalservice\\apps\\api\\src\\vehicles\\vehicles.controller.ts": {"path":"C:\\Users\\Administrator\\Documents\\George\\vehiclerentalservice\\apps\\api\\src\\vehicles\\vehicles.controller.ts","statementMap":{"0":{"start":{"line":1,"column":0},"end":{"line":1,"column":153}},"1":{"start":{"line":2,"column":0},"end":{"line":2,"column":65}},"2":{"start":{"line":3,"column":0},"end":{"line":3,"column":53}},"3":{"start":{"line":4,"column":0},"end":{"line":4,"column":106}},"4":{"start":{"line":5,"column":0},"end":{"line":5,"column":61}},"5":{"start":{"line":8,"column":0},"end":{"line":8,"column":72}},"6":{"start":{"line":11,"column":7},"end":{"line":75,"column":null}},"7":{"start":{"line":12,"column":31},"end":{"line":12,"column":48}},"8":{"start":{"line":25,"column":4},"end":{"line":25,"column":61}},"9":{"start":{"line":30,"column":4},"end":{"line":30,"column":51}},"10":{"start":{"line":36,"column":4},"end":{"line":36,"column":59}},"11":{"start":{"line":41,"column":4},"end":{"line":41,"column":44}},"12":{"start":{"line":47,"column":4},"end":{"line":47,"column":58}},"13":{"start":{"line":54,"column":4},"end":{"line":54,"column":52}},"14":{"start":{"line":60,"column":4},"end":{"line":60,"column":64}},"15":{"start":{"line":67,"column":4},"end":{"line":67,"column":59}},"16":{"start":{"line":73,"column":4},"end":{"line":73,"column":78}},"17":{"start":{"line":11,"column":13},"end":{"line":11,"column":31}},"18":{"start":{"line":20,"column":8},"end":{"line":26,"column":null}},"19":{"start":{"line":29,"column":8},"end":{"line":31,"column":null}},"20":{"start":{"line":35,"column":8},"end":{"line":37,"column":null}},"21":{"start":{"line":40,"column":8},"end":{"line":42,"column":null}},"22":{"start":{"line":46,"column":8},"end":{"line":48,"column":null}},"23":{"start":{"line":53,"column":8},"end":{"line":55,"column":null}},"24":{"start":{"line":59,"column":8},"end":{"line":61,"column":null}},"25":{"start":{"line":66,"column":8},"end":{"line":68,"column":null}},"26":{"start":{"line":72,"column":8},"end":{"line":74,"column":null}},"27":{"start":{"line":11,"column":13},"end":{"line":75,"column":null}}},"fnMap":{"0":{"name":"(anonymous_4)","decl":{"start":{"line":12,"column":2},"end":{"line":12,"column":31}},"loc":{"start":{"line":12,"column":63},"end":{"line":12,"column":67}}},"1":{"name":"(anonymous_5)","decl":{"start":{"line":20,"column":2},"end":{"line":20,"column":7}},"loc":{"start":{"line":23,"column":97},"end":{"line":26,"column":3}}},"2":{"name":"(anonymous_6)","decl":{"start":{"line":29,"column":2},"end":{"line":29,"column":7}},"loc":{"start":{"line":29,"column":52},"end":{"line":31,"column":3}}},"3":{"name":"(anonymous_7)","decl":{"start":{"line":35,"column":2},"end":{"line":35,"column":7}},"loc":{"start":{"line":35,"column":46},"end":{"line":37,"column":3}}},"4":{"name":"(anonymous_8)","decl":{"start":{"line":40,"column":2},"end":{"line":40,"column":7}},"loc":{"start":{"line":40,"column":39},"end":{"line":42,"column":3}}},"5":{"name":"(anonymous_9)","decl":{"start":{"line":46,"column":2},"end":{"line":46,"column":7}},"loc":{"start":{"line":46,"column":95},"end":{"line":48,"column":3}}},"6":{"name":"(anonymous_10)","decl":{"start":{"line":53,"column":2},"end":{"line":53,"column":7}},"loc":{"start":{"line":53,"column":64},"end":{"line":55,"column":3}}},"7":{"name":"(anonymous_11)","decl":{"start":{"line":59,"column":2},"end":{"line":59,"column":7}},"loc":{"start":{"line":59,"column":100},"end":{"line":61,"column":3}}},"8":{"name":"(anonymous_12)","decl":{"start":{"line":66,"column":2},"end":{"line":66,"column":7}},"loc":{"start":{"line":66,"column":70},"end":{"line":68,"column":3}}},"9":{"name":"(anonymous_13)","decl":{"start":{"line":72,"column":2},"end":{"line":72,"column":7}},"loc":{"start":{"line":72,"column":119},"end":{"line":74,"column":3}}}},"branchMap":{"0":{"loc":{"start":{"line":22,"column":17},"end":{"line":22,"column":null}},"type":"cond-expr","locations":[{"start":{"line":22,"column":33},"end":{"line":22,"column":null}},{"start":{"line":22,"column":33},"end":{"line":22,"column":null}}]},"1":{"loc":{"start":{"line":22,"column":17},"end":{"line":22,"column":33}},"type":"binary-expr","locations":[{"start":{"line":22,"column":17},"end":{"line":22,"column":null}},{"start":{"line":22,"column":17},"end":{"line":22,"column":33}}]},"2":{"loc":{"start":{"line":29,"column":36},"end":{"line":29,"column":null}},"type":"cond-expr","locations":[{"start":{"line":29,"column":52},"end":{"line":29,"column":null}},{"start":{"line":29,"column":52},"end":{"line":29,"column":null}}]},"3":{"loc":{"start":{"line":29,"column":36},"end":{"line":29,"column":52}},"type":"binary-expr","locations":[{"start":{"line":29,"column":36},"end":{"line":29,"column":null}},{"start":{"line":29,"column":36},"end":{"line":29,"column":52}}]},"4":{"loc":{"start":{"line":46,"column":79},"end":{"line":46,"column":null}},"type":"cond-expr","locations":[{"start":{"line":46,"column":95},"end":{"line":46,"column":null}},{"start":{"line":46,"column":95},"end":{"line":46,"column":null}}]},"5":{"loc":{"start":{"line":46,"column":79},"end":{"line":46,"column":95}},"type":"binary-expr","locations":[{"start":{"line":46,"column":79},"end":{"line":46,"column":null}},{"start":{"line":46,"column":79},"end":{"line":46,"column":95}}]},"6":{"loc":{"start":{"line":59,"column":85},"end":{"line":59,"column":null}},"type":"cond-expr","locations":[{"start":{"line":59,"column":100},"end":{"line":59,"column":null}},{"start":{"line":59,"column":100},"end":{"line":59,"column":null}}]},"7":{"loc":{"start":{"line":59,"column":85},"end":{"line":59,"column":100}},"type":"binary-expr","locations":[{"start":{"line":59,"column":85},"end":{"line":59,"column":null}},{"start":{"line":59,"column":85},"end":{"line":59,"column":100}}]},"8":{"loc":{"start":{"line":12,"column":48},"end":{"line":12,"column":66}},"type":"cond-expr","locations":[{"start":{"line":12,"column":63},"end":{"line":12,"column":66}},{"start":{"line":12,"column":63},"end":{"line":12,"column":66}}]},"9":{"loc":{"start":{"line":12,"column":48},"end":{"line":12,"column":63}},"type":"binary-expr","locations":[{"start":{"line":12,"column":48},"end":{"line":12,"column":66}},{"start":{"line":12,"column":48},"end":{"line":12,"column":63}}]}},"s":{"0":0,"1":0,"2":0,"3":0,"4":0,"5":0,"6":0,"7":0,"8":0,"9":0,"10":0,"11":0,"12":0,"13":0,"14":0,"15":0,"16":0,"17":0,"18":0,"19":0,"20":0,"21":0,"22":0,"23":0,"24":0,"25":0,"26":0,"27":0},"f":{"0":0,"1":0,"2":0,"3":0,"4":0,"5":0,"6":0,"7":0,"8":0,"9":0},"b":{"0":[0,0],"1":[0,0],"2":[0,0],"3":[0,0],"4":[0,0],"5":[0,0],"6":[0,0],"7":[0,0],"8":[0,0],"9":[0,0]}}
,"C:\\Users\\Administrator\\Documents\\George\\vehiclerentalservice\\apps\\api\\src\\vehicles\\vehicles.service.ts": {"path":"C:\\Users\\Administrator\\Documents\\George\\vehiclerentalservice\\apps\\api\\src\\vehicles\\vehicles.service.ts","statementMap":{"0":{"start":{"line":1,"column":0},"end":{"line":1,"column":83}},"1":{"start":{"line":2,"column":0},"end":{"line":2,"column":59}},"2":{"start":{"line":6,"column":7},"end":{"line":300,"column":null}},"3":{"start":{"line":9,"column":31},"end":{"line":9,"column":39}},"4":{"start":{"line":11,"column":24},"end":{"line":11,"column":54}},"5":{"start":{"line":12,"column":4},"end":{"line":12,"column":81}},"6":{"start":{"line":20,"column":4},"end":{"line":24,"column":5}},"7":{"start":{"line":23,"column":6},"end":{"line":23,"column":33}},"8":{"start":{"line":26,"column":4},"end":{"line":26,"column":59}},"9":{"start":{"line":31,"column":32},"end":{"line":31,"column":34}},"10":{"start":{"line":32,"column":35},"end":{"line":32,"column":37}},"11":{"start":{"line":34,"column":4},"end":{"line":40,"column":5}},"12":{"start":{"line":35,"column":6},"end":{"line":39,"column":7}},"13":{"start":{"line":38,"column":8},"end":{"line":38,"column":62}},"14":{"start":{"line":42,"column":4},"end":{"line":46,"column":5}},"15":{"start":{"line":43,"column":6},"end":{"line":45,"column":7}},"16":{"start":{"line":44,"column":8},"end":{"line":44,"column":64}},"17":{"start":{"line":49,"column":18},"end":{"line":49,"column":64}},"18":{"start":{"line":52,"column":19},"end":{"line":52,"column":31}},"19":{"start":{"line":53,"column":4},"end":{"line":64,"column":5}},"20":{"start":{"line":54,"column":6},"end":{"line":63,"column":7}},"21":{"start":{"line":56,"column":23},"end":{"line":56,"column":43}},"22":{"start":{"line":57,"column":8},"end":{"line":59,"column":9}},"23":{"start":{"line":58,"column":10},"end":{"line":58,"column":44}},"24":{"start":{"line":62,"column":8},"end":{"line":62,"column":38}},"25":{"start":{"line":66,"column":4},"end":{"line":82,"column":7}},"26":{"start":{"line":86,"column":131},"end":{"line":86,"column":140}},"27":{"start":{"line":88,"column":23},"end":{"line":88,"column":25}},"28":{"start":{"line":90,"column":4},"end":{"line":92,"column":5}},"29":{"start":{"line":91,"column":6},"end":{"line":91,"column":51}},"30":{"start":{"line":94,"column":4},"end":{"line":96,"column":5}},"31":{"start":{"line":95,"column":6},"end":{"line":95,"column":51}},"32":{"start":{"line":98,"column":4},"end":{"line":102,"column":5}},"33":{"start":{"line":99,"column":6},"end":{"line":99,"column":28}},"34":{"start":{"line":100,"column":6},"end":{"line":100,"column":66}},"35":{"start":{"line":100,"column":34},"end":{"line":100,"column":66}},"36":{"start":{"line":101,"column":6},"end":{"line":101,"column":66}},"37":{"start":{"line":101,"column":34},"end":{"line":101,"column":66}},"38":{"start":{"line":104,"column":4},"end":{"line":106,"column":5}},"39":{"start":{"line":105,"column":6},"end":{"line":105,"column":26}},"40":{"start":{"line":108,"column":4},"end":{"line":110,"column":5}},"41":{"start":{"line":109,"column":6},"end":{"line":109,"column":59}},"42":{"start":{"line":112,"column":4},"end":{"line":114,"column":5}},"43":{"start":{"line":113,"column":6},"end":{"line":113,"column":51}},"44":{"start":{"line":116,"column":4},"end":{"line":118,"column":5}},"45":{"start":{"line":117,"column":6},"end":{"line":117,"column":36}},"46":{"start":{"line":120,"column":4},"end":{"line":122,"column":5}},"47":{"start":{"line":121,"column":6},"end":{"line":121,"column":36}},"48":{"start":{"line":124,"column":30},"end":{"line":138,"column":6}},"49":{"start":{"line":140,"column":4},"end":{"line":148,"column":6}},"50":{"start":{"line":152,"column":20},"end":{"line":172,"column":6}},"51":{"start":{"line":174,"column":4},"end":{"line":176,"column":5}},"52":{"start":{"line":175,"column":6},"end":{"line":175,"column":55}},"53":{"start":{"line":178,"column":4},"end":{"line":178,"column":19}},"54":{"start":{"line":182,"column":20},"end":{"line":182,"column":75}},"55":{"start":{"line":184,"column":4},"end":{"line":186,"column":5}},"56":{"start":{"line":185,"column":6},"end":{"line":185,"column":55}},"57":{"start":{"line":188,"column":4},"end":{"line":190,"column":5}},"58":{"start":{"line":189,"column":6},"end":{"line":189,"column":76}},"59":{"start":{"line":192,"column":4},"end":{"line":198,"column":7}},"60":{"start":{"line":202,"column":20},"end":{"line":202,"column":75}},"61":{"start":{"line":204,"column":4},"end":{"line":206,"column":5}},"62":{"start":{"line":205,"column":6},"end":{"line":205,"column":55}},"63":{"start":{"line":208,"column":4},"end":{"line":210,"column":5}},"64":{"start":{"line":209,"column":6},"end":{"line":209,"column":76}},"65":{"start":{"line":212,"column":4},"end":{"line":212,"column":56}},"66":{"start":{"line":214,"column":4},"end":{"line":214,"column":55}},"67":{"start":{"line":218,"column":20},"end":{"line":218,"column":86}},"68":{"start":{"line":220,"column":4},"end":{"line":222,"column":5}},"69":{"start":{"line":221,"column":6},"end":{"line":221,"column":55}},"70":{"start":{"line":224,"column":4},"end":{"line":226,"column":5}},"71":{"start":{"line":225,"column":6},"end":{"line":225,"column":87}},"72":{"start":{"line":229,"column":27},"end":{"line":229,"column":88}},"73":{"start":{"line":231,"column":4},"end":{"line":237,"column":5}},"74":{"start":{"line":233,"column":6},"end":{"line":236,"column":9}},"75":{"start":{"line":240,"column":4},"end":{"line":245,"column":7}},"76":{"start":{"line":249,"column":20},"end":{"line":249,"column":86}},"77":{"start":{"line":251,"column":4},"end":{"line":253,"column":5}},"78":{"start":{"line":252,"column":6},"end":{"line":252,"column":55}},"79":{"start":{"line":255,"column":4},"end":{"line":257,"column":5}},"80":{"start":{"line":256,"column":6},"end":{"line":256,"column":89}},"81":{"start":{"line":259,"column":19},"end":{"line":259,"column":80}},"82":{"start":{"line":261,"column":4},"end":{"line":263,"column":5}},"83":{"start":{"line":262,"column":6},"end":{"line":262,"column":54}},"84":{"start":{"line":265,"column":4},"end":{"line":265,"column":62}},"85":{"start":{"line":267,"column":4},"end":{"line":267,"column":54}},"86":{"start":{"line":271,"column":4},"end":{"line":281,"column":7}},"87":{"start":{"line":285,"column":20},"end":{"line":285,"column":75}},"88":{"start":{"line":287,"column":4},"end":{"line":289,"column":5}},"89":{"start":{"line":288,"column":6},"end":{"line":288,"column":55}},"90":{"start":{"line":291,"column":4},"end":{"line":293,"column":5}},"91":{"start":{"line":292,"column":6},"end":{"line":292,"column":92}},"92":{"start":{"line":295,"column":4},"end":{"line":298,"column":7}},"93":{"start":{"line":6,"column":13},"end":{"line":6,"column":28}},"94":{"start":{"line":6,"column":13},"end":{"line":300,"column":null}}},"fnMap":{"0":{"name":"(anonymous_2)","decl":{"start":{"line":9,"column":2},"end":{"line":9,"column":31}},"loc":{"start":{"line":9,"column":52},"end":{"line":13,"column":3}}},"1":{"name":"(anonymous_3)","decl":{"start":{"line":19,"column":10},"end":{"line":19,"column":22}},"loc":{"start":{"line":19,"column":36},"end":{"line":27,"column":3}}},"2":{"name":"(anonymous_4)","decl":{"start":{"line":29,"column":2},"end":{"line":29,"column":7}},"loc":{"start":{"line":29,"column":132},"end":{"line":83,"column":3}}},"3":{"name":"(anonymous_5)","decl":{"start":{"line":85,"column":2},"end":{"line":85,"column":7}},"loc":{"start":{"line":85,"column":43},"end":{"line":149,"column":3}}},"4":{"name":"(anonymous_6)","decl":{"start":{"line":151,"column":2},"end":{"line":151,"column":7}},"loc":{"start":{"line":151,"column":26},"end":{"line":179,"column":3}}},"5":{"name":"(anonymous_7)","decl":{"start":{"line":181,"column":2},"end":{"line":181,"column":7}},"loc":{"start":{"line":181,"column":65},"end":{"line":199,"column":3}}},"6":{"name":"(anonymous_8)","decl":{"start":{"line":201,"column":2},"end":{"line":201,"column":7}},"loc":{"start":{"line":201,"column":42},"end":{"line":215,"column":3}}},"7":{"name":"(anonymous_9)","decl":{"start":{"line":217,"column":2},"end":{"line":217,"column":7}},"loc":{"start":{"line":217,"column":77},"end":{"line":246,"column":3}}},"8":{"name":"(anonymous_10)","decl":{"start":{"line":248,"column":2},"end":{"line":248,"column":7}},"loc":{"start":{"line":248,"column":55},"end":{"line":268,"column":3}}},"9":{"name":"(anonymous_11)","decl":{"start":{"line":270,"column":2},"end":{"line":270,"column":7}},"loc":{"start":{"line":270,"column":40},"end":{"line":282,"column":3}}},"10":{"name":"(anonymous_12)","decl":{"start":{"line":284,"column":2},"end":{"line":284,"column":7}},"loc":{"start":{"line":284,"column":76},"end":{"line":299,"column":3}}}},"branchMap":{"0":{"loc":{"start":{"line":11,"column":24},"end":{"line":11,"column":54}},"type":"binary-expr","locations":[{"start":{"line":11,"column":24},"end":{"line":11,"column":48}},{"start":{"line":11,"column":52},"end":{"line":11,"column":54}}]},"1":{"loc":{"start":{"line":12,"column":20},"end":{"line":12,"column":80}},"type":"binary-expr","locations":[{"start":{"line":12,"column":20},"end":{"line":12,"column":49}},{"start":{"line":12,"column":53},"end":{"line":12,"column":80}}]},"2":{"loc":{"start":{"line":20,"column":4},"end":{"line":24,"column":5}},"type":"if","locations":[{"start":{"line":20,"column":4},"end":{"line":24,"column":5}}]},"3":{"loc":{"start":{"line":34,"column":4},"end":{"line":40,"column":5}},"type":"if","locations":[{"start":{"line":34,"column":4},"end":{"line":40,"column":5}}]},"4":{"loc":{"start":{"line":42,"column":4},"end":{"line":46,"column":5}},"type":"if","locations":[{"start":{"line":42,"column":4},"end":{"line":46,"column":5}}]},"5":{"loc":{"start":{"line":49,"column":18},"end":{"line":49,"column":64}},"type":"binary-expr","locations":[{"start":{"line":49,"column":18},"end":{"line":49,"column":27}},{"start":{"line":49,"column":31},"end":{"line":49,"column":64}}]},"6":{"loc":{"start":{"line":53,"column":4},"end":{"line":64,"column":5}},"type":"if","locations":[{"start":{"line":53,"column":4},"end":{"line":64,"column":5}}]},"7":{"loc":{"start":{"line":57,"column":8},"end":{"line":59,"column":9}},"type":"if","locations":[{"start":{"line":57,"column":8},"end":{"line":59,"column":9}}]},"8":{"loc":{"start":{"line":86,"column":12},"end":{"line":86,"column":20}},"type":"default-arg","locations":[{"start":{"line":86,"column":19},"end":{"line":86,"column":20}}]},"9":{"loc":{"start":{"line":86,"column":22},"end":{"line":86,"column":32}},"type":"default-arg","locations":[{"start":{"line":86,"column":30},"end":{"line":86,"column":32}}]},"10":{"loc":{"start":{"line":90,"column":4},"end":{"line":92,"column":5}},"type":"if","locations":[{"start":{"line":90,"column":4},"end":{"line":92,"column":5}}]},"11":{"loc":{"start":{"line":94,"column":4},"end":{"line":96,"column":5}},"type":"if","locations":[{"start":{"line":94,"column":4},"end":{"line":96,"column":5}}]},"12":{"loc":{"start":{"line":98,"column":4},"end":{"line":102,"column":5}},"type":"if","locations":[{"start":{"line":98,"column":4},"end":{"line":102,"column":5}}]},"13":{"loc":{"start":{"line":98,"column":8},"end":{"line":98,"column":56}},"type":"binary-expr","locations":[{"start":{"line":98,"column":8},"end":{"line":98,"column":30}},{"start":{"line":98,"column":34},"end":{"line":98,"column":56}}]},"14":{"loc":{"start":{"line":100,"column":6},"end":{"line":100,"column":66}},"type":"if","locations":[{"start":{"line":100,"column":6},"end":{"line":100,"column":66}}]},"15":{"loc":{"start":{"line":101,"column":6},"end":{"line":101,"column":66}},"type":"if","locations":[{"start":{"line":101,"column":6},"end":{"line":101,"column":66}}]},"16":{"loc":{"start":{"line":104,"column":4},"end":{"line":106,"column":5}},"type":"if","locations":[{"start":{"line":104,"column":4},"end":{"line":106,"column":5}}]},"17":{"loc":{"start":{"line":108,"column":4},"end":{"line":110,"column":5}},"type":"if","locations":[{"start":{"line":108,"column":4},"end":{"line":110,"column":5}}]},"18":{"loc":{"start":{"line":112,"column":4},"end":{"line":114,"column":5}},"type":"if","locations":[{"start":{"line":112,"column":4},"end":{"line":114,"column":5}}]},"19":{"loc":{"start":{"line":116,"column":4},"end":{"line":118,"column":5}},"type":"if","locations":[{"start":{"line":116,"column":4},"end":{"line":118,"column":5}}]},"20":{"loc":{"start":{"line":120,"column":4},"end":{"line":122,"column":5}},"type":"if","locations":[{"start":{"line":120,"column":4},"end":{"line":122,"column":5}}]},"21":{"loc":{"start":{"line":174,"column":4},"end":{"line":176,"column":5}},"type":"if","locations":[{"start":{"line":174,"column":4},"end":{"line":176,"column":5}}]},"22":{"loc":{"start":{"line":184,"column":4},"end":{"line":186,"column":5}},"type":"if","locations":[{"start":{"line":184,"column":4},"end":{"line":186,"column":5}}]},"23":{"loc":{"start":{"line":188,"column":4},"end":{"line":190,"column":5}},"type":"if","locations":[{"start":{"line":188,"column":4},"end":{"line":190,"column":5}}]},"24":{"loc":{"start":{"line":204,"column":4},"end":{"line":206,"column":5}},"type":"if","locations":[{"start":{"line":204,"column":4},"end":{"line":206,"column":5}}]},"25":{"loc":{"start":{"line":208,"column":4},"end":{"line":210,"column":5}},"type":"if","locations":[{"start":{"line":208,"column":4},"end":{"line":210,"column":5}}]},"26":{"loc":{"start":{"line":220,"column":4},"end":{"line":222,"column":5}},"type":"if","locations":[{"start":{"line":220,"column":4},"end":{"line":222,"column":5}}]},"27":{"loc":{"start":{"line":224,"column":4},"end":{"line":226,"column":5}},"type":"if","locations":[{"start":{"line":224,"column":4},"end":{"line":226,"column":5}}]},"28":{"loc":{"start":{"line":231,"column":4},"end":{"line":237,"column":5}},"type":"if","locations":[{"start":{"line":231,"column":4},"end":{"line":237,"column":5}}]},"29":{"loc":{"start":{"line":251,"column":4},"end":{"line":253,"column":5}},"type":"if","locations":[{"start":{"line":251,"column":4},"end":{"line":253,"column":5}}]},"30":{"loc":{"start":{"line":255,"column":4},"end":{"line":257,"column":5}},"type":"if","locations":[{"start":{"line":255,"column":4},"end":{"line":257,"column":5}}]},"31":{"loc":{"start":{"line":261,"column":4},"end":{"line":263,"column":5}},"type":"if","locations":[{"start":{"line":261,"column":4},"end":{"line":263,"column":5}}]},"32":{"loc":{"start":{"line":287,"column":4},"end":{"line":289,"column":5}},"type":"if","locations":[{"start":{"line":287,"column":4},"end":{"line":289,"column":5}}]},"33":{"loc":{"start":{"line":291,"column":4},"end":{"line":293,"column":5}},"type":"if","locations":[{"start":{"line":291,"column":4},"end":{"line":293,"column":5}}]},"34":{"loc":{"start":{"line":9,"column":39},"end":{"line":9,"column":null}},"type":"cond-expr","locations":[{"start":{"line":9,"column":52},"end":{"line":9,"column":null}},{"start":{"line":9,"column":52},"end":{"line":9,"column":null}}]},"35":{"loc":{"start":{"line":9,"column":39},"end":{"line":9,"column":52}},"type":"binary-expr","locations":[{"start":{"line":9,"column":39},"end":{"line":9,"column":null}},{"start":{"line":9,"column":39},"end":{"line":9,"column":52}}]}},"s":{"0":1,"1":1,"2":1,"3":14,"4":14,"5":14,"6":1,"7":0,"8":1,"9":1,"10":1,"11":1,"12":0,"13":0,"14":1,"15":0,"16":0,"17":1,"18":1,"19":1,"20":1,"21":1,"22":1,"23":1,"24":0,"25":1,"26":3,"27":3,"28":3,"29":1,"30":3,"31":0,"32":3,"33":1,"34":1,"35":1,"36":1,"37":1,"38":3,"39":0,"40":3,"41":0,"42":3,"43":0,"44":3,"45":0,"46":3,"47":0,"48":3,"49":3,"50":2,"51":2,"52":1,"53":1,"54":3,"55":3,"56":1,"57":2,"58":1,"59":1,"60":2,"61":2,"62":0,"63":2,"64":1,"65":1,"66":1,"67":0,"68":0,"69":0,"70":0,"71":0,"72":0,"73":0,"74":0,"75":0,"76":0,"77":0,"78":0,"79":0,"80":0,"81":0,"82":0,"83":0,"84":0,"85":0,"86":1,"87":1,"88":1,"89":0,"90":1,"91":0,"92":1,"93":1,"94":1},"f":{"0":14,"1":1,"2":1,"3":3,"4":2,"5":3,"6":2,"7":0,"8":0,"9":1,"10":1},"b":{"0":[14,0],"1":[14,14],"2":[0],"3":[0],"4":[0],"5":[1,0],"6":[1],"7":[1],"8":[0],"9":[0],"10":[1],"11":[0],"12":[1],"13":[3,2],"14":[1],"15":[1],"16":[0],"17":[0],"18":[0],"19":[0],"20":[0],"21":[1],"22":[1],"23":[1],"24":[0],"25":[1],"26":[0],"27":[0],"28":[0],"29":[0],"30":[0],"31":[0],"32":[0],"33":[0],"34":[1,0],"35":[1,1]}}
}
