TN:
SF:src\app.controller.ts
FN:6,(anonymous_2)
FN:9,(anonymous_3)
FNF:2
FNH:0
FNDA:0,(anonymous_2)
FNDA:0,(anonymous_3)
DA:1,0
DA:2,0
DA:5,0
DA:6,0
DA:9,0
DA:10,0
LF:6
LH:0
BRDA:6,0,0,0
BRDA:6,0,1,0
BRDA:6,1,0,0
BRDA:6,1,1,0
BRF:4
BRH:0
end_of_record
TN:
SF:src\app.service.ts
FN:5,(anonymous_1)
FNF:1
FNH:0
FNDA:0,(anonymous_1)
DA:1,0
DA:4,0
DA:6,0
LF:3
LH:0
BRF:0
BRH:0
end_of_record
TN:
SF:src\auth\auth.controller.ts
FN:11,(anonymous_4)
FN:15,(anonymous_5)
FN:21,(anonymous_6)
FN:27,(anonymous_7)
FN:33,(anonymous_8)
FN:39,(anonymous_9)
FNF:6
FNH:0
FNDA:0,(anonymous_4)
FNDA:0,(anonymous_5)
FNDA:0,(anonymous_6)
FNDA:0,(anonymous_7)
FNDA:0,(anonymous_8)
FNDA:0,(anonymous_9)
DA:1,0
DA:2,0
DA:3,0
DA:4,0
DA:5,0
DA:6,0
DA:7,0
DA:10,0
DA:11,0
DA:15,0
DA:16,0
DA:21,0
DA:22,0
DA:27,0
DA:28,0
DA:33,0
DA:34,0
DA:39,0
DA:40,0
LF:19
LH:0
BRDA:15,0,0,0
BRDA:15,0,1,0
BRDA:15,1,0,0
BRDA:15,1,1,0
BRDA:21,2,0,0
BRDA:21,2,1,0
BRDA:21,3,0,0
BRDA:21,3,1,0
BRDA:27,4,0,0
BRDA:27,4,1,0
BRDA:27,5,0,0
BRDA:27,5,1,0
BRDA:11,6,0,0
BRDA:11,6,1,0
BRDA:11,7,0,0
BRDA:11,7,1,0
BRF:16
BRH:0
end_of_record
TN:
SF:src\auth\auth.service.ts
FN:11,(anonymous_2)
FN:17,(anonymous_3)
FN:62,(anonymous_4)
FN:118,(anonymous_5)
FN:138,(anonymous_6)
FN:159,(anonymous_7)
FN:182,(anonymous_8)
FN:194,(anonymous_9)
FN:198,(anonymous_10)
FNF:9
FNH:9
FNDA:12,(anonymous_2)
FNDA:2,(anonymous_3)
FNDA:3,(anonymous_4)
FNDA:2,(anonymous_5)
FNDA:2,(anonymous_6)
FNDA:2,(anonymous_7)
FNDA:5,(anonymous_8)
FNDA:2,(anonymous_9)
FNDA:2,(anonymous_10)
DA:1,1
DA:2,1
DA:3,1
DA:4,1
DA:8,1
DA:9,12
DA:12,12
DA:13,12
DA:14,12
DA:19,2
DA:22,2
DA:25,2
DA:29,2
DA:30,1
DA:38,1
DA:44,2
DA:45,2
DA:54,2
DA:56,2
DA:63,3
DA:66,3
DA:74,3
DA:75,1
DA:80,2
DA:81,1
DA:85,1
DA:93,1
DA:95,1
DA:102,1
DA:104,1
DA:119,2
DA:120,2
DA:124,1
DA:128,1
DA:129,0
DA:132,1
DA:134,1
DA:139,2
DA:152,2
DA:153,1
DA:156,1
DA:160,2
DA:162,2
DA:163,2
DA:166,2
DA:167,2
DA:170,2
DA:179,2
DA:184,5
DA:187,5
DA:188,0
DA:191,5
DA:195,2
DA:199,2
DA:201,2
DA:202,2
DA:207,2
LF:57
LH:55
BRDA:29,0,0,1
BRDA:74,1,0,1
BRDA:80,2,0,1
BRDA:80,3,0,2
BRDA:80,3,1,1
BRDA:93,4,0,1
BRDA:112,5,0,1
BRDA:112,5,1,0
BRDA:113,6,0,1
BRDA:113,6,1,1
BRDA:128,7,0,0
BRDA:128,8,0,1
BRDA:128,8,1,1
BRDA:152,9,0,1
BRDA:162,10,0,2
BRDA:162,11,0,2
BRDA:162,11,1,2
BRDA:166,12,0,2
BRDA:166,13,0,2
BRDA:166,13,1,2
BRDA:187,14,0,0
BRDA:204,15,0,2
BRDA:204,15,1,0
BRDA:12,16,0,1
BRDA:12,16,1,0
BRDA:12,17,0,1
BRDA:12,17,1,1
BRDA:12,18,0,1
BRDA:12,18,1,0
BRDA:12,19,0,1
BRDA:12,19,1,1
BRDA:13,20,0,1
BRDA:13,20,1,0
BRDA:13,21,0,1
BRDA:13,21,1,1
BRF:35
BRH:28
end_of_record
TN:
SF:src\bookings\bookings.controller.ts
FN:20,(anonymous_4)
FN:24,(anonymous_5)
FN:29,(anonymous_6)
FN:34,(anonymous_7)
FN:39,(anonymous_8)
FN:44,(anonymous_9)
FNF:6
FNH:0
FNDA:0,(anonymous_4)
FNDA:0,(anonymous_5)
FNDA:0,(anonymous_6)
FNDA:0,(anonymous_7)
FNDA:0,(anonymous_8)
FNDA:0,(anonymous_9)
DA:1,0
DA:12,0
DA:13,0
DA:14,0
DA:15,0
DA:19,0
DA:20,0
DA:24,0
DA:25,0
DA:29,0
DA:30,0
DA:34,0
DA:35,0
DA:39,0
DA:40,0
DA:44,0
DA:49,0
LF:17
LH:0
BRDA:24,0,0,0
BRDA:24,0,1,0
BRDA:24,1,0,0
BRDA:24,1,1,0
BRDA:47,2,0,0
BRDA:47,2,1,0
BRDA:47,3,0,0
BRDA:47,3,1,0
BRDA:20,4,0,0
BRDA:20,4,1,0
BRDA:20,5,0,0
BRDA:20,5,1,0
BRF:12
BRH:0
end_of_record
TN:
SF:src\bookings\bookings.service.ts
FN:7,(anonymous_2)
FN:9,(anonymous_3)
FN:96,(anonymous_4)
FN:110,(anonymous_5)
FN:121,(anonymous_6)
FN:146,(anonymous_7)
FNF:6
FNH:6
FNDA:9,(anonymous_2)
FNDA:2,(anonymous_3)
FNDA:1,(anonymous_4)
FNDA:1,(anonymous_5)
FNDA:2,(anonymous_6)
FNDA:2,(anonymous_7)
DA:1,1
DA:2,1
DA:6,1
DA:7,9
DA:11,2
DA:12,2
DA:14,2
DA:15,0
DA:18,2
DA:19,0
DA:23,2
DA:28,2
DA:29,1
DA:32,1
DA:33,0
DA:37,1
DA:50,1
DA:51,0
DA:55,1
DA:56,1
DA:57,1
DA:58,1
DA:61,1
DA:90,1
DA:97,1
DA:111,1
DA:122,2
DA:134,2
DA:135,1
DA:139,1
DA:140,0
DA:143,1
DA:147,2
DA:152,2
DA:153,1
DA:157,1
DA:158,0
DA:161,1
DA:174,1
LF:39
LH:33
BRDA:14,0,0,0
BRDA:18,1,0,0
BRDA:28,2,0,1
BRDA:32,3,0,0
BRDA:50,4,0,0
BRDA:56,5,0,1
BRDA:56,5,1,0
BRDA:57,6,0,0
BRDA:57,6,1,1
BRDA:77,7,0,0
BRDA:77,7,1,1
BRDA:78,8,0,0
BRDA:78,8,1,1
BRDA:134,9,0,1
BRDA:139,10,0,0
BRDA:139,11,0,1
BRDA:139,11,1,0
BRDA:152,12,0,1
BRDA:157,13,0,0
BRDA:7,14,0,1
BRDA:7,14,1,0
BRDA:7,15,0,1
BRDA:7,15,1,1
BRF:23
BRH:11
end_of_record
TN:
SF:src\config\env.validation.ts
FNF:0
FNH:0
DA:1,0
DA:3,0
LF:2
LH:0
BRF:0
BRH:0
end_of_record
TN:
SF:src\contact\contact.controller.ts
FN:7,(anonymous_4)
FN:11,(anonymous_5)
FNF:2
FNH:0
FNDA:0,(anonymous_4)
FNDA:0,(anonymous_5)
DA:1,0
DA:2,0
DA:3,0
DA:6,0
DA:7,0
DA:11,0
DA:12,0
LF:7
LH:0
BRDA:11,0,0,0
BRDA:11,0,1,0
BRDA:11,1,0,0
BRDA:11,1,1,0
BRDA:7,2,0,0
BRDA:7,2,1,0
BRDA:7,3,0,0
BRDA:7,3,1,0
BRF:8
BRH:0
end_of_record
TN:
SF:src\contact\contact.service.ts
FN:8,(anonymous_1)
FN:24,(anonymous_2)
FNF:2
FNH:0
FNDA:0,(anonymous_1)
FNDA:0,(anonymous_2)
DA:1,0
DA:5,0
DA:6,0
DA:10,0
DA:19,0
DA:20,0
DA:24,0
DA:26,0
LF:8
LH:0
BRDA:19,0,0,0
BRF:1
BRH:0
end_of_record
TN:
SF:src\database\prisma.service.ts
FN:8,(anonymous_1)
FN:20,(anonymous_2)
FNF:2
FNH:0
FNDA:0,(anonymous_1)
FNDA:0,(anonymous_2)
DA:1,4
DA:2,4
DA:5,4
DA:6,0
DA:11,0
DA:12,0
DA:13,0
DA:16,0
DA:17,0
DA:21,0
DA:22,0
LF:11
LH:3
BRDA:11,0,0,0
BRF:1
BRH:0
end_of_record
TN:
SF:src\health\health.controller.ts
FN:6,(anonymous_2)
FN:9,(anonymous_3)
FNF:2
FNH:0
FNDA:0,(anonymous_2)
FNDA:0,(anonymous_3)
DA:1,0
DA:2,0
DA:5,0
DA:6,0
DA:9,0
DA:10,0
LF:6
LH:0
BRDA:6,0,0,0
BRDA:6,0,1,0
BRDA:6,1,0,0
BRDA:6,1,1,0
BRF:4
BRH:0
end_of_record
TN:
SF:src\health\health.service.ts
FN:6,(anonymous_2)
FN:8,(anonymous_3)
FNF:2
FNH:2
FNDA:4,(anonymous_2)
FNDA:3,(anonymous_3)
DA:1,1
DA:2,1
DA:5,1
DA:6,4
DA:9,3
DA:10,3
DA:11,3
DA:13,3
DA:15,3
DA:16,2
DA:18,1
DA:19,1
DA:22,3
DA:31,3
DA:32,1
DA:35,2
LF:16
LH:16
BRDA:23,0,0,2
BRDA:23,0,1,1
BRDA:25,1,0,3
BRDA:25,1,1,0
BRDA:31,2,0,1
BRDA:6,3,0,1
BRDA:6,3,1,0
BRDA:6,4,0,1
BRDA:6,4,1,1
BRF:9
BRH:7
end_of_record
TN:
SF:src\kyc\kyc.controller.ts
FN:25,(anonymous_4)
FN:34,(anonymous_5)
FN:47,(anonymous_6)
FN:55,(anonymous_7)
FN:62,(anonymous_8)
FN:72,(anonymous_9)
FNF:6
FNH:0
FNDA:0,(anonymous_4)
FNDA:0,(anonymous_5)
FNDA:0,(anonymous_6)
FNDA:0,(anonymous_7)
FNDA:0,(anonymous_8)
FNDA:0,(anonymous_9)
DA:1,0
DA:14,0
DA:15,0
DA:16,0
DA:17,0
DA:18,0
DA:19,0
DA:20,0
DA:24,0
DA:25,0
DA:34,0
DA:43,0
DA:47,0
DA:48,0
DA:55,0
DA:56,0
DA:62,0
DA:66,0
DA:72,0
DA:76,0
LF:20
LH:0
BRDA:36,0,0,0
BRDA:36,0,1,0
BRDA:36,1,0,0
BRDA:36,1,1,0
BRDA:25,2,0,0
BRDA:25,2,1,0
BRDA:25,3,0,0
BRDA:25,3,1,0
BRF:8
BRH:0
end_of_record
TN:
SF:src\kyc\kyc.service.ts
FN:11,(anonymous_11)
FN:13,(anonymous_12)
FN:106,(anonymous_13)
FN:133,(anonymous_14)
FN:153,(anonymous_15)
FN:182,(anonymous_16)
FNF:6
FNH:0
FNDA:0,(anonymous_11)
FNDA:0,(anonymous_12)
FNDA:0,(anonymous_13)
FNDA:0,(anonymous_14)
FNDA:0,(anonymous_15)
FNDA:0,(anonymous_16)
DA:1,0
DA:2,0
DA:4,0
DA:5,0
DA:8,0
DA:9,0
DA:11,0
DA:23,0
DA:27,0
DA:28,0
DA:38,0
DA:40,0
DA:41,0
DA:43,0
DA:46,0
DA:47,0
DA:48,0
DA:51,0
DA:52,0
DA:53,0
DA:56,0
DA:57,0
DA:58,0
DA:61,0
DA:62,0
DA:63,0
DA:67,0
DA:81,0
DA:82,0
DA:87,0
DA:93,0
DA:99,0
DA:101,0
DA:107,0
DA:118,0
DA:119,0
DA:122,0
DA:134,0
DA:153,0
DA:183,0
DA:195,0
DA:196,0
DA:200,0
DA:206,0
DA:214,0
DA:227,0
DA:229,0
LF:47
LH:0
BRDA:27,0,0,0
BRDA:27,1,0,0
BRDA:27,1,1,0
BRDA:51,2,0,0
BRDA:56,3,0,0
BRDA:61,4,0,0
BRDA:72,5,0,0
BRDA:72,5,1,0
BRDA:73,6,0,0
BRDA:73,6,1,0
BRDA:74,7,0,0
BRDA:74,7,1,0
BRDA:81,8,0,0
BRDA:81,8,1,0
BRDA:118,9,0,0
BRDA:155,10,0,0
BRDA:155,10,1,0
BRDA:164,11,0,0
BRDA:164,11,1,0
BRDA:165,12,0,0
BRDA:165,12,1,0
BRDA:166,13,0,0
BRDA:166,13,1,0
BRDA:195,14,0,0
BRDA:218,15,0,0
BRDA:218,15,1,0
BRDA:223,16,0,0
BRDA:223,16,1,0
BRDA:11,17,0,0
BRDA:11,17,1,0
BRDA:11,18,0,0
BRDA:11,18,1,0
BRF:32
BRH:0
end_of_record
TN:
SF:src\vehicles\vehicles.controller.ts
FN:12,(anonymous_4)
FN:20,(anonymous_5)
FN:29,(anonymous_6)
FN:35,(anonymous_7)
FN:40,(anonymous_8)
FN:46,(anonymous_9)
FN:53,(anonymous_10)
FN:59,(anonymous_11)
FN:66,(anonymous_12)
FN:72,(anonymous_13)
FNF:10
FNH:0
FNDA:0,(anonymous_4)
FNDA:0,(anonymous_5)
FNDA:0,(anonymous_6)
FNDA:0,(anonymous_7)
FNDA:0,(anonymous_8)
FNDA:0,(anonymous_9)
FNDA:0,(anonymous_10)
FNDA:0,(anonymous_11)
FNDA:0,(anonymous_12)
FNDA:0,(anonymous_13)
DA:1,0
DA:2,0
DA:3,0
DA:4,0
DA:5,0
DA:8,0
DA:11,0
DA:12,0
DA:20,0
DA:25,0
DA:29,0
DA:30,0
DA:35,0
DA:36,0
DA:40,0
DA:41,0
DA:46,0
DA:47,0
DA:53,0
DA:54,0
DA:59,0
DA:60,0
DA:66,0
DA:67,0
DA:72,0
DA:73,0
LF:26
LH:0
BRDA:22,0,0,0
BRDA:22,0,1,0
BRDA:22,1,0,0
BRDA:22,1,1,0
BRDA:29,2,0,0
BRDA:29,2,1,0
BRDA:29,3,0,0
BRDA:29,3,1,0
BRDA:46,4,0,0
BRDA:46,4,1,0
BRDA:46,5,0,0
BRDA:46,5,1,0
BRDA:59,6,0,0
BRDA:59,6,1,0
BRDA:59,7,0,0
BRDA:59,7,1,0
BRDA:12,8,0,0
BRDA:12,8,1,0
BRDA:12,9,0,0
BRDA:12,9,1,0
BRF:20
BRH:0
end_of_record
TN:
SF:src\vehicles\vehicles.service.ts
FN:9,(anonymous_2)
FN:19,(anonymous_3)
FN:29,(anonymous_4)
FN:85,(anonymous_5)
FN:151,(anonymous_6)
FN:181,(anonymous_7)
FN:201,(anonymous_8)
FN:217,(anonymous_9)
FN:248,(anonymous_10)
FN:270,(anonymous_11)
FN:284,(anonymous_12)
FNF:11
FNH:9
FNDA:14,(anonymous_2)
FNDA:1,(anonymous_3)
FNDA:1,(anonymous_4)
FNDA:3,(anonymous_5)
FNDA:2,(anonymous_6)
FNDA:3,(anonymous_7)
FNDA:2,(anonymous_8)
FNDA:0,(anonymous_9)
FNDA:0,(anonymous_10)
FNDA:1,(anonymous_11)
FNDA:1,(anonymous_12)
DA:1,1
DA:2,1
DA:6,1
DA:9,14
DA:11,14
DA:12,14
DA:20,1
DA:23,0
DA:26,1
DA:31,1
DA:32,1
DA:34,1
DA:35,0
DA:38,0
DA:42,1
DA:43,0
DA:44,0
DA:49,1
DA:52,1
DA:53,1
DA:54,1
DA:56,1
DA:57,1
DA:58,1
DA:62,0
DA:66,1
DA:86,3
DA:88,3
DA:90,3
DA:91,1
DA:94,3
DA:95,0
DA:98,3
DA:99,1
DA:100,1
DA:101,1
DA:104,3
DA:105,0
DA:108,3
DA:109,0
DA:112,3
DA:113,0
DA:116,3
DA:117,0
DA:120,3
DA:121,0
DA:124,3
DA:140,3
DA:152,2
DA:174,2
DA:175,1
DA:178,1
DA:182,3
DA:184,3
DA:185,1
DA:188,2
DA:189,1
DA:192,1
DA:202,2
DA:204,2
DA:205,0
DA:208,2
DA:209,1
DA:212,1
DA:214,1
DA:218,0
DA:220,0
DA:221,0
DA:224,0
DA:225,0
DA:229,0
DA:231,0
DA:233,0
DA:240,0
DA:249,0
DA:251,0
DA:252,0
DA:255,0
DA:256,0
DA:259,0
DA:261,0
DA:262,0
DA:265,0
DA:267,0
DA:271,1
DA:285,1
DA:287,1
DA:288,0
DA:291,1
DA:292,0
DA:295,1
LF:91
LH:57
BRDA:11,0,0,14
BRDA:11,0,1,0
BRDA:12,1,0,14
BRDA:12,1,1,14
BRDA:20,2,0,0
BRDA:34,3,0,0
BRDA:42,4,0,0
BRDA:49,5,0,1
BRDA:49,5,1,0
BRDA:53,6,0,1
BRDA:57,7,0,1
BRDA:86,8,0,0
BRDA:86,9,0,0
BRDA:90,10,0,1
BRDA:94,11,0,0
BRDA:98,12,0,1
BRDA:98,13,0,3
BRDA:98,13,1,2
BRDA:100,14,0,1
BRDA:101,15,0,1
BRDA:104,16,0,0
BRDA:108,17,0,0
BRDA:112,18,0,0
BRDA:116,19,0,0
BRDA:120,20,0,0
BRDA:174,21,0,1
BRDA:184,22,0,1
BRDA:188,23,0,1
BRDA:204,24,0,0
BRDA:208,25,0,1
BRDA:220,26,0,0
BRDA:224,27,0,0
BRDA:231,28,0,0
BRDA:251,29,0,0
BRDA:255,30,0,0
BRDA:261,31,0,0
BRDA:287,32,0,0
BRDA:291,33,0,0
BRDA:9,34,0,1
BRDA:9,34,1,0
BRDA:9,35,0,1
BRDA:9,35,1,1
BRF:42
BRH:19
end_of_record
